This is pdfTeX, Version 3.14159265-2.6-1.40.18 (MiKTeX 2.9.6350 64-bit) (preloaded format=pdflatex 2018.4.7)  26 NOV 2018 11:49
entering extended mode
**./PresentazioneCD.tex
(PresentazioneCD.tex
LaTeX2e <2017-04-15>
Babel <3.10> and hyphenation patterns for 75 language(s) loaded.
(C:\Users\johnn\AppData\Roaming\MiKTeX\2.9\tex\latex\beamer\beamer.cls
Document Class: beamer 2018/02/20 v3.50 A class for typesetting presentations

(C:\Users\johnn\AppData\Roaming\MiKTeX\2.9\tex\latex\beamer\beamerbasemodes.sty
("C:\Program Files\MiKTeX 2.9\tex\latex\etoolbox\etoolbox.sty"
Package: etoolbox 2017/01/02 v2.4 e-TeX tools for LaTeX (JAW)
\etb@tempcnta=\count79
)
\beamer@tempbox=\box26
\beamer@tempcount=\count80
\c@beamerpauses=\count81

(C:\Users\johnn\AppData\Roaming\MiKTeX\2.9\tex\latex\beamer\beamerbasedecode.st
y
\beamer@slideinframe=\count82
\beamer@minimum=\count83
)
\beamer@commentbox=\box27
\beamer@modecount=\count84
) ("C:\Program Files\MiKTeX 2.9\tex\generic\oberdiek\ifpdf.sty"
Package: ifpdf 2017/03/15 v3.2 Provides the ifpdf switch
)
\headdp=\dimen102
\footheight=\dimen103
\sidebarheight=\dimen104
\beamer@tempdim=\dimen105
\beamer@finalheight=\dimen106
\beamer@animht=\dimen107
\beamer@animdp=\dimen108
\beamer@animwd=\dimen109
\beamer@leftmargin=\dimen110
\beamer@rightmargin=\dimen111
\beamer@leftsidebar=\dimen112
\beamer@rightsidebar=\dimen113
\beamer@boxsize=\dimen114
\beamer@vboxoffset=\dimen115
\beamer@descdefault=\dimen116
\beamer@descriptionwidth=\dimen117
\beamer@lastskip=\skip41
\beamer@areabox=\box28
\beamer@animcurrent=\box29
\beamer@animshowbox=\box30
\beamer@sectionbox=\box31
\beamer@logobox=\box32
\beamer@linebox=\box33
\beamer@sectioncount=\count85
\beamer@subsubsectionmax=\count86
\beamer@subsectionmax=\count87
\beamer@sectionmax=\count88
\beamer@totalheads=\count89
\beamer@headcounter=\count90
\beamer@partstartpage=\count91
\beamer@sectionstartpage=\count92
\beamer@subsectionstartpage=\count93
\beamer@animationtempa=\count94
\beamer@animationtempb=\count95
\beamer@xpos=\count96
\beamer@ypos=\count97
\beamer@ypos@offset=\count98
\beamer@showpartnumber=\count99
\beamer@currentsubsection=\count100
\beamer@coveringdepth=\count101
\beamer@sectionadjust=\count102
\beamer@tocsectionnumber=\count103

(C:\Users\johnn\AppData\Roaming\MiKTeX\2.9\tex\latex\beamer\beamerbaseoptions.s
ty ("C:\Program Files\MiKTeX 2.9\tex\latex\graphics\keyval.sty"
Package: keyval 2014/10/28 v1.15 key=value parser (DPC)
\KV@toks@=\toks14
))
\beamer@paperwidth=\skip42
\beamer@paperheight=\skip43

("C:\Program Files\MiKTeX 2.9\tex\latex\geometry\geometry.sty"
Package: geometry 2010/09/12 v5.6 Page Geometry

("C:\Program Files\MiKTeX 2.9\tex\generic\oberdiek\ifvtex.sty"
Package: ifvtex 2016/05/16 v1.6 Detect VTeX and its facilities (HO)
Package ifvtex Info: VTeX not detected.
)
("C:\Program Files\MiKTeX 2.9\tex\generic\ifxetex\ifxetex.sty"
Package: ifxetex 2010/09/12 v0.6 Provides ifxetex conditional
)
\Gm@cnth=\count104
\Gm@cntv=\count105
\c@Gm@tempcnt=\count106
\Gm@bindingoffset=\dimen118
\Gm@wd@mp=\dimen119
\Gm@odd@mp=\dimen120
\Gm@even@mp=\dimen121
\Gm@layoutwidth=\dimen122
\Gm@layoutheight=\dimen123
\Gm@layouthoffset=\dimen124
\Gm@layoutvoffset=\dimen125
\Gm@dimlist=\toks15

("C:\Program Files\MiKTeX 2.9\tex\latex\geometry\geometry.cfg"))
("C:\Program Files\MiKTeX 2.9\tex\latex\base\size11.clo"
File: size11.clo 2014/09/29 v1.4h Standard LaTeX file (size option)
)
("C:\Program Files\MiKTeX 2.9\tex\latex\pgf\basiclayer\pgfcore.sty"
("C:\Program Files\MiKTeX 2.9\tex\latex\graphics\graphicx.sty"
Package: graphicx 2014/10/28 v1.0g Enhanced LaTeX Graphics (DPC,SPQR)

("C:\Program Files\MiKTeX 2.9\tex\latex\graphics\graphics.sty"
Package: graphics 2017/04/14 v1.1b Standard LaTeX Graphics (DPC,SPQR)

("C:\Program Files\MiKTeX 2.9\tex\latex\graphics\trig.sty"
Package: trig 2016/01/03 v1.10 sin cos tan (DPC)
)
("C:\Program Files\MiKTeX 2.9\tex\latex\graphics-cfg\graphics.cfg"
File: graphics.cfg 2016/06/04 v1.11 sample graphics configuration
)
Package graphics Info: Driver file: pdftex.def on input line 99.

("C:\Program Files\MiKTeX 2.9\tex\latex\graphics-def\pdftex.def"
File: pdftex.def 2017/01/12 v0.06k Graphics/color for pdfTeX

("C:\Program Files\MiKTeX 2.9\tex\generic\oberdiek\infwarerr.sty"
Package: infwarerr 2016/05/16 v1.4 Providing info/warning/error messages (HO)
)
("C:\Program Files\MiKTeX 2.9\tex\generic\oberdiek\ltxcmds.sty"
Package: ltxcmds 2016/05/16 v1.23 LaTeX kernel commands for general use (HO)
)
\Gread@gobject=\count107
))
\Gin@req@height=\dimen126
\Gin@req@width=\dimen127
)
("C:\Program Files\MiKTeX 2.9\tex\latex\pgf\systemlayer\pgfsys.sty"
("C:\Program Files\MiKTeX 2.9\tex\latex\pgf\utilities\pgfrcs.sty"
("C:\Program Files\MiKTeX 2.9\tex\generic\pgf\utilities\pgfutil-common.tex"
\pgfutil@everybye=\toks16
\pgfutil@tempdima=\dimen128
\pgfutil@tempdimb=\dimen129

("C:\Program Files\MiKTeX 2.9\tex\generic\pgf\utilities\pgfutil-common-lists.te
x")) ("C:\Program Files\MiKTeX 2.9\tex\generic\pgf\utilities\pgfutil-latex.def"
\pgfutil@abb=\box34
("C:\Program Files\MiKTeX 2.9\tex\latex\ms\everyshi.sty"
Package: everyshi 2001/05/15 v3.00 EveryShipout Package (MS)
))
("C:\Program Files\MiKTeX 2.9\tex\generic\pgf\utilities\pgfrcs.code.tex"
Package: pgfrcs 2015/08/07 v3.0.1a (rcs-revision 1.31)
))
("C:\Program Files\MiKTeX 2.9\tex\generic\pgf\systemlayer\pgfsys.code.tex"
Package: pgfsys 2014/07/09 v3.0.1a (rcs-revision 1.48)

("C:\Program Files\MiKTeX 2.9\tex\generic\pgf\utilities\pgfkeys.code.tex"
\pgfkeys@pathtoks=\toks17
\pgfkeys@temptoks=\toks18

("C:\Program Files\MiKTeX 2.9\tex\generic\pgf\utilities\pgfkeysfiltered.code.te
x"
\pgfkeys@tmptoks=\toks19
))
\pgf@x=\dimen130
\pgf@y=\dimen131
\pgf@xa=\dimen132
\pgf@ya=\dimen133
\pgf@xb=\dimen134
\pgf@yb=\dimen135
\pgf@xc=\dimen136
\pgf@yc=\dimen137
\w@pgf@writea=\write3
\r@pgf@reada=\read1
\c@pgf@counta=\count108
\c@pgf@countb=\count109
\c@pgf@countc=\count110
\c@pgf@countd=\count111
\t@pgf@toka=\toks20
\t@pgf@tokb=\toks21
\t@pgf@tokc=\toks22
 ("C:\Program Files\MiKTeX 2.9\tex\generic\pgf\systemlayer\pgf.cfg"
File: pgf.cfg 2008/05/14  (rcs-revision 1.7)
)
Driver file for pgf: pgfsys-pdftex.def

("C:\Program Files\MiKTeX 2.9\tex\generic\pgf\systemlayer\pgfsys-pdftex.def"
File: pgfsys-pdftex.def 2014/10/11  (rcs-revision 1.35)

("C:\Program Files\MiKTeX 2.9\tex\generic\pgf\systemlayer\pgfsys-common-pdf.def
"
File: pgfsys-common-pdf.def 2013/10/10  (rcs-revision 1.13)
)))
("C:\Program Files\MiKTeX 2.9\tex\generic\pgf\systemlayer\pgfsyssoftpath.code.t
ex"
File: pgfsyssoftpath.code.tex 2013/09/09  (rcs-revision 1.9)
\pgfsyssoftpath@smallbuffer@items=\count112
\pgfsyssoftpath@bigbuffer@items=\count113
)
("C:\Program Files\MiKTeX 2.9\tex\generic\pgf\systemlayer\pgfsysprotocol.code.t
ex"
File: pgfsysprotocol.code.tex 2006/10/16  (rcs-revision 1.4)
)) ("C:\Program Files\MiKTeX 2.9\tex\latex\xcolor\xcolor.sty"
Package: xcolor 2016/05/11 v2.12 LaTeX color extensions (UK)

("C:\Program Files\MiKTeX 2.9\tex\latex\graphics-cfg\color.cfg"
File: color.cfg 2016/01/02 v1.6 sample color configuration
)
Package xcolor Info: Driver file: pdftex.def on input line 225.
Package xcolor Info: Model `cmy' substituted by `cmy0' on input line 1348.
Package xcolor Info: Model `hsb' substituted by `rgb' on input line 1352.
Package xcolor Info: Model `RGB' extended on input line 1364.
Package xcolor Info: Model `HTML' substituted by `rgb' on input line 1366.
Package xcolor Info: Model `Hsb' substituted by `hsb' on input line 1367.
Package xcolor Info: Model `tHsb' substituted by `hsb' on input line 1368.
Package xcolor Info: Model `HSB' substituted by `hsb' on input line 1369.
Package xcolor Info: Model `Gray' substituted by `gray' on input line 1370.
Package xcolor Info: Model `wave' substituted by `hsb' on input line 1371.
)
("C:\Program Files\MiKTeX 2.9\tex\generic\pgf\basiclayer\pgfcore.code.tex"
Package: pgfcore 2010/04/11 v3.0.1a (rcs-revision 1.7)

("C:\Program Files\MiKTeX 2.9\tex\generic\pgf\math\pgfmath.code.tex"
("C:\Program Files\MiKTeX 2.9\tex\generic\pgf\math\pgfmathcalc.code.tex"
("C:\Program Files\MiKTeX 2.9\tex\generic\pgf\math\pgfmathutil.code.tex")
("C:\Program Files\MiKTeX 2.9\tex\generic\pgf\math\pgfmathparser.code.tex"
\pgfmath@dimen=\dimen138
\pgfmath@count=\count114
\pgfmath@box=\box35
\pgfmath@toks=\toks23
\pgfmath@stack@operand=\toks24
\pgfmath@stack@operation=\toks25
)
("C:\Program Files\MiKTeX 2.9\tex\generic\pgf\math\pgfmathfunctions.code.tex"
("C:\Program Files\MiKTeX 2.9\tex\generic\pgf\math\pgfmathfunctions.basic.code.
tex")
("C:\Program Files\MiKTeX 2.9\tex\generic\pgf\math\pgfmathfunctions.trigonometr
ic.code.tex")
("C:\Program Files\MiKTeX 2.9\tex\generic\pgf\math\pgfmathfunctions.random.code
.tex")
("C:\Program Files\MiKTeX 2.9\tex\generic\pgf\math\pgfmathfunctions.comparison.
code.tex")
("C:\Program Files\MiKTeX 2.9\tex\generic\pgf\math\pgfmathfunctions.base.code.t
ex")
("C:\Program Files\MiKTeX 2.9\tex\generic\pgf\math\pgfmathfunctions.round.code.
tex")
("C:\Program Files\MiKTeX 2.9\tex\generic\pgf\math\pgfmathfunctions.misc.code.t
ex")
("C:\Program Files\MiKTeX 2.9\tex\generic\pgf\math\pgfmathfunctions.integerarit
hmetics.code.tex")))
("C:\Program Files\MiKTeX 2.9\tex\generic\pgf\math\pgfmathfloat.code.tex"
\c@pgfmathroundto@lastzeros=\count115
))
("C:\Program Files\MiKTeX 2.9\tex\generic\pgf\basiclayer\pgfcorepoints.code.tex
"
File: pgfcorepoints.code.tex 2013/10/07  (rcs-revision 1.27)
\pgf@picminx=\dimen139
\pgf@picmaxx=\dimen140
\pgf@picminy=\dimen141
\pgf@picmaxy=\dimen142
\pgf@pathminx=\dimen143
\pgf@pathmaxx=\dimen144
\pgf@pathminy=\dimen145
\pgf@pathmaxy=\dimen146
\pgf@xx=\dimen147
\pgf@xy=\dimen148
\pgf@yx=\dimen149
\pgf@yy=\dimen150
\pgf@zx=\dimen151
\pgf@zy=\dimen152
)
("C:\Program Files\MiKTeX 2.9\tex\generic\pgf\basiclayer\pgfcorepathconstruct.c
ode.tex"
File: pgfcorepathconstruct.code.tex 2013/10/07  (rcs-revision 1.29)
\pgf@path@lastx=\dimen153
\pgf@path@lasty=\dimen154
)
("C:\Program Files\MiKTeX 2.9\tex\generic\pgf\basiclayer\pgfcorepathusage.code.
tex"
File: pgfcorepathusage.code.tex 2014/11/02  (rcs-revision 1.24)
\pgf@shorten@end@additional=\dimen155
\pgf@shorten@start@additional=\dimen156
)
("C:\Program Files\MiKTeX 2.9\tex\generic\pgf\basiclayer\pgfcorescopes.code.tex
"
File: pgfcorescopes.code.tex 2015/05/08  (rcs-revision 1.46)
\pgfpic=\box36
\pgf@hbox=\box37
\pgf@layerbox@main=\box38
\pgf@picture@serial@count=\count116
)
("C:\Program Files\MiKTeX 2.9\tex\generic\pgf\basiclayer\pgfcoregraphicstate.co
de.tex"
File: pgfcoregraphicstate.code.tex 2014/11/02  (rcs-revision 1.12)
\pgflinewidth=\dimen157
)
("C:\Program Files\MiKTeX 2.9\tex\generic\pgf\basiclayer\pgfcoretransformations
.code.tex"
File: pgfcoretransformations.code.tex 2015/08/07  (rcs-revision 1.20)
\pgf@pt@x=\dimen158
\pgf@pt@y=\dimen159
\pgf@pt@temp=\dimen160
)
("C:\Program Files\MiKTeX 2.9\tex\generic\pgf\basiclayer\pgfcorequick.code.tex"
File: pgfcorequick.code.tex 2008/10/09  (rcs-revision 1.3)
)
("C:\Program Files\MiKTeX 2.9\tex\generic\pgf\basiclayer\pgfcoreobjects.code.te
x"
File: pgfcoreobjects.code.tex 2006/10/11  (rcs-revision 1.2)
)
("C:\Program Files\MiKTeX 2.9\tex\generic\pgf\basiclayer\pgfcorepathprocessing.
code.tex"
File: pgfcorepathprocessing.code.tex 2013/09/09  (rcs-revision 1.9)
)
("C:\Program Files\MiKTeX 2.9\tex\generic\pgf\basiclayer\pgfcorearrows.code.tex
"
File: pgfcorearrows.code.tex 2015/05/14  (rcs-revision 1.43)
\pgfarrowsep=\dimen161
)
("C:\Program Files\MiKTeX 2.9\tex\generic\pgf\basiclayer\pgfcoreshade.code.tex"
File: pgfcoreshade.code.tex 2013/07/15  (rcs-revision 1.15)
\pgf@max=\dimen162
\pgf@sys@shading@range@num=\count117
) ("C:\Program Files\MiKTeX 2.9\tex\generic\pgf\basiclayer\pgfcoreimage.code.te
x"
File: pgfcoreimage.code.tex 2013/07/15  (rcs-revision 1.18)

("C:\Program Files\MiKTeX 2.9\tex\generic\pgf\basiclayer\pgfcoreexternal.code.t
ex"
File: pgfcoreexternal.code.tex 2014/07/09  (rcs-revision 1.21)
\pgfexternal@startupbox=\box39
))
("C:\Program Files\MiKTeX 2.9\tex\generic\pgf\basiclayer\pgfcorelayers.code.tex
"
File: pgfcorelayers.code.tex 2013/07/18  (rcs-revision 1.7)
)
("C:\Program Files\MiKTeX 2.9\tex\generic\pgf\basiclayer\pgfcoretransparency.co
de.tex"
File: pgfcoretransparency.code.tex 2013/09/30  (rcs-revision 1.5)
)
("C:\Program Files\MiKTeX 2.9\tex\generic\pgf\basiclayer\pgfcorepatterns.code.t
ex"
File: pgfcorepatterns.code.tex 2013/11/07  (rcs-revision 1.5)
))) ("C:\Program Files\MiKTeX 2.9\tex\latex\pgf\utilities\xxcolor.sty"
Package: xxcolor 2003/10/24 ver 0.1
\XC@nummixins=\count118
\XC@countmixins=\count119
)
("C:\Program Files\MiKTeX 2.9\tex\generic\oberdiek\atbegshi.sty"
Package: atbegshi 2016/06/09 v1.18 At begin shipout hook (HO)
)
("C:\Program Files\MiKTeX 2.9\tex\latex\hyperref\hyperref.sty"
Package: hyperref 2017/03/14 v6.85a Hypertext links for LaTeX

("C:\Program Files\MiKTeX 2.9\tex\generic\oberdiek\hobsub-hyperref.sty"
Package: hobsub-hyperref 2016/05/16 v1.14 Bundle oberdiek, subset hyperref (HO)


("C:\Program Files\MiKTeX 2.9\tex\generic\oberdiek\hobsub-generic.sty"
Package: hobsub-generic 2016/05/16 v1.14 Bundle oberdiek, subset generic (HO)
Package: hobsub 2016/05/16 v1.14 Construct package bundles (HO)
Package hobsub Info: Skipping package `infwarerr' (already loaded).
Package hobsub Info: Skipping package `ltxcmds' (already loaded).
Package: ifluatex 2016/05/16 v1.4 Provides the ifluatex switch (HO)
Package ifluatex Info: LuaTeX not detected.
Package hobsub Info: Skipping package `ifvtex' (already loaded).
Package: intcalc 2016/05/16 v1.2 Expandable calculations with integers (HO)
Package hobsub Info: Skipping package `ifpdf' (already loaded).
Package: etexcmds 2016/05/16 v1.6 Avoid name clashes with e-TeX commands (HO)
Package etexcmds Info: Could not find \expanded.
(etexcmds)             That can mean that you are not using pdfTeX 1.50 or
(etexcmds)             that some package has redefined \expanded.
(etexcmds)             In the latter case, load this package earlier.
Package: kvsetkeys 2016/05/16 v1.17 Key value parser (HO)
Package: kvdefinekeys 2016/05/16 v1.4 Define keys (HO)
Package: pdftexcmds 2017/03/19 v0.25 Utility functions of pdfTeX for LuaTeX (HO
)
Package pdftexcmds Info: LuaTeX not detected.
Package pdftexcmds Info: \pdf@primitive is available.
Package pdftexcmds Info: \pdf@ifprimitive is available.
Package pdftexcmds Info: \pdfdraftmode found.
Package: pdfescape 2016/05/16 v1.14 Implements pdfTeX's escape features (HO)
Package: bigintcalc 2016/05/16 v1.4 Expandable calculations on big integers (HO
)
Package: bitset 2016/05/16 v1.2 Handle bit-vector datatype (HO)
Package: uniquecounter 2016/05/16 v1.3 Provide unlimited unique counter (HO)
)
Package hobsub Info: Skipping package `hobsub' (already loaded).
Package: letltxmacro 2016/05/16 v1.5 Let assignment for LaTeX macros (HO)
Package: hopatch 2016/05/16 v1.3 Wrapper for package hooks (HO)
Package: xcolor-patch 2016/05/16 xcolor patch
Package: atveryend 2016/05/16 v1.9 Hooks at the very end of document (HO)
Package hobsub Info: Skipping package `atbegshi' (already loaded).
Package: refcount 2016/05/16 v3.5 Data extraction from label references (HO)
Package: hycolor 2016/05/16 v1.8 Color options for hyperref/bookmark (HO)
)
("C:\Program Files\MiKTeX 2.9\tex\latex\oberdiek\auxhook.sty"
Package: auxhook 2016/05/16 v1.4 Hooks for auxiliary files (HO)
)
("C:\Program Files\MiKTeX 2.9\tex\latex\oberdiek\kvoptions.sty"
Package: kvoptions 2016/05/16 v3.12 Key value format for package options (HO)
)
\@linkdim=\dimen163
\Hy@linkcounter=\count120
\Hy@pagecounter=\count121

("C:\Program Files\MiKTeX 2.9\tex\latex\hyperref\pd1enc.def"
File: pd1enc.def 2017/03/14 v6.85a Hyperref: PDFDocEncoding definition (HO)
)
\Hy@SavedSpaceFactor=\count122

("C:\Program Files\MiKTeX 2.9\tex\latex\00miktex\hyperref.cfg"
File: hyperref.cfg 2002/06/06 v1.2 hyperref configuration of TeXLive
)
Package hyperref Info: Option `bookmarks' set `true' on input line 4374.
Package hyperref Info: Option `bookmarksopen' set `true' on input line 4374.
Package hyperref Info: Option `implicit' set `false' on input line 4374.
Package hyperref Info: Hyper figures OFF on input line 4498.
Package hyperref Info: Link nesting OFF on input line 4503.
Package hyperref Info: Hyper index ON on input line 4506.
Package hyperref Info: Plain pages OFF on input line 4513.
Package hyperref Info: Backreferencing OFF on input line 4518.
Package hyperref Info: Implicit mode OFF; no redefinition of LaTeX internals.
Package hyperref Info: Bookmarks ON on input line 4751.
\c@Hy@tempcnt=\count123

("C:\Program Files\MiKTeX 2.9\tex\latex\url\url.sty"
\Urlmuskip=\muskip10
Package: url 2013/09/16  ver 3.4  Verb mode for urls, etc.
)
LaTeX Info: Redefining \url on input line 5104.
\XeTeXLinkMargin=\dimen164
\Fld@menulength=\count124
\Field@Width=\dimen165
\Fld@charsize=\dimen166
Package hyperref Info: Hyper figures OFF on input line 6358.
Package hyperref Info: Link nesting OFF on input line 6363.
Package hyperref Info: Hyper index ON on input line 6366.
Package hyperref Info: backreferencing OFF on input line 6373.
Package hyperref Info: Link coloring OFF on input line 6378.
Package hyperref Info: Link coloring with OCG OFF on input line 6383.
Package hyperref Info: PDF/A mode OFF on input line 6388.
LaTeX Info: Redefining \ref on input line 6428.
LaTeX Info: Redefining \pageref on input line 6432.
\Hy@abspage=\count125


Package hyperref Message: Stopped early.

)

Package hyperref Message: Driver (autodetected): hpdftex.

("C:\Program Files\MiKTeX 2.9\tex\latex\hyperref\hpdftex.def"
File: hpdftex.def 2017/03/14 v6.85a Hyperref driver for pdfTeX
\Fld@listcount=\count126
\c@bookmark@seq@number=\count127

("C:\Program Files\MiKTeX 2.9\tex\latex\oberdiek\rerunfilecheck.sty"
Package: rerunfilecheck 2016/05/16 v1.8 Rerun checks for auxiliary files (HO)
Package uniquecounter Info: New unique counter `rerunfilecheck' on input line 2
82.
))
(C:\Users\johnn\AppData\Roaming\MiKTeX\2.9\tex\latex\beamer\beamerbaserequires.
sty
(C:\Users\johnn\AppData\Roaming\MiKTeX\2.9\tex\latex\beamer\beamerbasecompatibi
lity.sty)
(C:\Users\johnn\AppData\Roaming\MiKTeX\2.9\tex\latex\beamer\beamerbasefont.sty
("C:\Program Files\MiKTeX 2.9\tex\latex\amsfonts\amssymb.sty"
Package: amssymb 2013/01/14 v3.01 AMS font symbols

("C:\Program Files\MiKTeX 2.9\tex\latex\amsfonts\amsfonts.sty"
Package: amsfonts 2013/01/14 v3.01 Basic AMSFonts support
\@emptytoks=\toks26
\symAMSa=\mathgroup4
\symAMSb=\mathgroup5
LaTeX Font Info:    Overwriting math alphabet `\mathfrak' in version `bold'
(Font)                  U/euf/m/n --> U/euf/b/n on input line 106.
))
("C:\Program Files\MiKTeX 2.9\tex\latex\sansmathaccent\sansmathaccent.sty"
Package: sansmathaccent 2013/03/28

("C:\Program Files\MiKTeX 2.9\tex\latex\filehook\filehook.sty"
Package: filehook 2011/10/12 v0.5d Hooks for input files
)))
(C:\Users\johnn\AppData\Roaming\MiKTeX\2.9\tex\latex\beamer\beamerbasetranslato
r.sty ("C:\Program Files\MiKTeX 2.9\tex\latex\translator\translator.sty"
Package: translator 2018/01/04 v1.12 Easy translation of strings in LaTeX
))
(C:\Users\johnn\AppData\Roaming\MiKTeX\2.9\tex\latex\beamer\beamerbasemisc.sty)

(C:\Users\johnn\AppData\Roaming\MiKTeX\2.9\tex\latex\beamer\beamerbasetwoscreen
s.sty)
(C:\Users\johnn\AppData\Roaming\MiKTeX\2.9\tex\latex\beamer\beamerbaseoverlay.s
ty
\beamer@argscount=\count128
\beamer@lastskipcover=\skip44
\beamer@trivlistdepth=\count129
)
(C:\Users\johnn\AppData\Roaming\MiKTeX\2.9\tex\latex\beamer\beamerbasetitle.sty
)
(C:\Users\johnn\AppData\Roaming\MiKTeX\2.9\tex\latex\beamer\beamerbasesection.s
ty
\c@lecture=\count130
\c@part=\count131
\c@section=\count132
\c@subsection=\count133
\c@subsubsection=\count134
)
(C:\Users\johnn\AppData\Roaming\MiKTeX\2.9\tex\latex\beamer\beamerbaseframe.sty
\beamer@framebox=\box40
\beamer@frametitlebox=\box41
\beamer@zoombox=\box42
\beamer@zoomcount=\count135
\beamer@zoomframecount=\count136
\beamer@frametextheight=\dimen167
\c@subsectionslide=\count137
\beamer@frametopskip=\skip45
\beamer@framebottomskip=\skip46
\beamer@frametopskipautobreak=\skip47
\beamer@framebottomskipautobreak=\skip48
\beamer@envbody=\toks27
\framewidth=\dimen168
\c@framenumber=\count138
)
(C:\Users\johnn\AppData\Roaming\MiKTeX\2.9\tex\latex\beamer\beamerbaseverbatim.
sty
\beamer@verbatimfileout=\write4
)
(C:\Users\johnn\AppData\Roaming\MiKTeX\2.9\tex\latex\beamer\beamerbaseframesize
.sty
\beamer@splitbox=\box43
\beamer@autobreakcount=\count139
\beamer@autobreaklastheight=\dimen169
\beamer@frametitletoks=\toks28
\beamer@framesubtitletoks=\toks29
)
(C:\Users\johnn\AppData\Roaming\MiKTeX\2.9\tex\latex\beamer\beamerbaseframecomp
onents.sty
\beamer@footins=\box44
)
(C:\Users\johnn\AppData\Roaming\MiKTeX\2.9\tex\latex\beamer\beamerbasecolor.sty
\beamer@bg@ht=\dimen170
\beamer@bg@wd=\dimen171
\beamer@bg@dp=\dimen172
)
(C:\Users\johnn\AppData\Roaming\MiKTeX\2.9\tex\latex\beamer\beamerbasenotes.sty
\beamer@frameboxcopy=\box45
) (C:\Users\johnn\AppData\Roaming\MiKTeX\2.9\tex\latex\beamer\beamerbasetoc.sty
)
(C:\Users\johnn\AppData\Roaming\MiKTeX\2.9\tex\latex\beamer\beamerbasetemplates
.sty
\beamer@sbttoks=\toks30

(C:\Users\johnn\AppData\Roaming\MiKTeX\2.9\tex\latex\beamer\beamerbaseauxtempla
tes.sty
(C:\Users\johnn\AppData\Roaming\MiKTeX\2.9\tex\latex\beamer\beamerbaseboxes.sty
\bmb@box=\box46
\bmb@colorbox=\box47
\bmb@boxshadow=\box48
\bmb@boxshadowball=\box49
\bmb@boxshadowballlarge=\box50
\bmb@temp=\dimen173
\bmb@dima=\dimen174
\bmb@dimb=\dimen175
\bmb@prevheight=\dimen176
)
\beamer@blockheadheight=\dimen177
))
(C:\Users\johnn\AppData\Roaming\MiKTeX\2.9\tex\latex\beamer\beamerbaselocalstru
cture.sty ("C:\Program Files\MiKTeX 2.9\tex\latex\tools\enumerate.sty"
Package: enumerate 2015/07/23 v3.00 enumerate extensions (DPC)
\@enLab=\toks31
)
\c@figure=\count140
\c@table=\count141
\abovecaptionskip=\skip49
\belowcaptionskip=\skip50
)
(C:\Users\johnn\AppData\Roaming\MiKTeX\2.9\tex\latex\beamer\beamerbasenavigatio
n.sty
\beamer@section@min@dim=\dimen178
)
(C:\Users\johnn\AppData\Roaming\MiKTeX\2.9\tex\latex\beamer\beamerbasetheorems.
sty ("C:\Program Files\MiKTeX 2.9\tex\latex\amsmath\amsmath.sty"
Package: amsmath 2016/11/05 v2.16a AMS math features
\@mathmargin=\skip51

For additional information on amsmath, use the `?' option.
("C:\Program Files\MiKTeX 2.9\tex\latex\amsmath\amstext.sty"
Package: amstext 2000/06/29 v2.01 AMS text

("C:\Program Files\MiKTeX 2.9\tex\latex\amsmath\amsgen.sty"
File: amsgen.sty 1999/11/30 v2.0 generic functions
\@emptytoks=\toks32
\ex@=\dimen179
))
("C:\Program Files\MiKTeX 2.9\tex\latex\amsmath\amsbsy.sty"
Package: amsbsy 1999/11/29 v1.2d Bold Symbols
\pmbraise@=\dimen180
)
("C:\Program Files\MiKTeX 2.9\tex\latex\amsmath\amsopn.sty"
Package: amsopn 2016/03/08 v2.02 operator names
)
\inf@bad=\count142
LaTeX Info: Redefining \frac on input line 213.
\uproot@=\count143
\leftroot@=\count144
LaTeX Info: Redefining \overline on input line 375.
\classnum@=\count145
\DOTSCASE@=\count146
LaTeX Info: Redefining \ldots on input line 472.
LaTeX Info: Redefining \dots on input line 475.
LaTeX Info: Redefining \cdots on input line 596.
\Mathstrutbox@=\box51
\strutbox@=\box52
\big@size=\dimen181
LaTeX Font Info:    Redeclaring font encoding OML on input line 712.
LaTeX Font Info:    Redeclaring font encoding OMS on input line 713.
\macc@depth=\count147
\c@MaxMatrixCols=\count148
\dotsspace@=\muskip11
\c@parentequation=\count149
\dspbrk@lvl=\count150
\tag@help=\toks33
\row@=\count151
\column@=\count152
\maxfields@=\count153
\andhelp@=\toks34
\eqnshift@=\dimen182
\alignsep@=\dimen183
\tagshift@=\dimen184
\tagwidth@=\dimen185
\totwidth@=\dimen186
\lineht@=\dimen187
\@envbody=\toks35
\multlinegap=\skip52
\multlinetaggap=\skip53
\mathdisplay@stack=\toks36
LaTeX Info: Redefining \[ on input line 2817.
LaTeX Info: Redefining \] on input line 2818.
)
("C:\Program Files\MiKTeX 2.9\tex\latex\amscls\amsthm.sty"
Package: amsthm 2015/03/04 v2.20.2
\thm@style=\toks37
\thm@bodyfont=\toks38
\thm@headfont=\toks39
\thm@notefont=\toks40
\thm@headpunct=\toks41
\thm@preskip=\skip54
\thm@postskip=\skip55
\thm@headsep=\skip56
\dth@everypar=\toks42
)
\c@theorem=\count154
)
(C:\Users\johnn\AppData\Roaming\MiKTeX\2.9\tex\latex\beamer\beamerbasethemes.st
y))
(C:\Users\johnn\AppData\Roaming\MiKTeX\2.9\tex\latex\beamer\beamerthemedefault.
sty
(C:\Users\johnn\AppData\Roaming\MiKTeX\2.9\tex\latex\beamer\beamerfontthemedefa
ult.sty)
(C:\Users\johnn\AppData\Roaming\MiKTeX\2.9\tex\latex\beamer\beamercolorthemedef
ault.sty)
(C:\Users\johnn\AppData\Roaming\MiKTeX\2.9\tex\latex\beamer\beamerinnerthemedef
ault.sty
\beamer@dima=\dimen188
\beamer@dimb=\dimen189
)
(C:\Users\johnn\AppData\Roaming\MiKTeX\2.9\tex\latex\beamer\beamerouterthemedef
ault.sty)))
("C:\Program Files\MiKTeX 2.9\tex\latex\beamertheme-metropolis\beamerthememetro
polis.sty"
Package: beamerthememetropolis 2017/01/23 v1.2 Metropolis Beamer theme
 ("C:\Program Files\MiKTeX 2.9\tex\latex\pgfopts\pgfopts.sty"
Package: pgfopts 2014/07/10 v2.1a LaTeX package options with pgfkeys

("C:\Program Files\MiKTeX 2.9\tex\latex\pgf\utilities\pgfkeys.sty"
("C:\Program Files\MiKTeX 2.9\tex\generic\pgf\utilities\pgfkeys.code.tex"))
\pgfopts@list@add@a@toks=\toks43
\pgfopts@list@add@b@toks=\toks44
)
("C:\Program Files\MiKTeX 2.9\tex\latex\beamertheme-metropolis\beamerinnertheme
metropolis.sty"
Package: beamerinnerthememetropolis 2017/01/23 Metropolis inner theme
 ("C:\Program Files\MiKTeX 2.9\tex\latex\tools\calc.sty"
Package: calc 2014/10/28 v4.3 Infix arithmetic (KKT,FJ)
\calc@Acount=\count155
\calc@Bcount=\count156
\calc@Adimen=\dimen190
\calc@Bdimen=\dimen191
\calc@Askip=\skip57
\calc@Bskip=\skip58
LaTeX Info: Redefining \setlength on input line 80.
LaTeX Info: Redefining \addtolength on input line 81.
\calc@Ccount=\count157
\calc@Cskip=\skip59
)
("C:\Program Files\MiKTeX 2.9\tex\latex\pgf\frontendlayer\tikz.sty"
("C:\Program Files\MiKTeX 2.9\tex\latex\pgf\basiclayer\pgf.sty"
Package: pgf 2015/08/07 v3.0.1a (rcs-revision 1.15)

("C:\Program Files\MiKTeX 2.9\tex\generic\pgf\modules\pgfmoduleshapes.code.tex"
File: pgfmoduleshapes.code.tex 2014/03/21  (rcs-revision 1.35)
\pgfnodeparttextbox=\box53
) ("C:\Program Files\MiKTeX 2.9\tex\generic\pgf\modules\pgfmoduleplot.code.tex"
File: pgfmoduleplot.code.tex 2015/08/03  (rcs-revision 1.13)
)
("C:\Program Files\MiKTeX 2.9\tex\latex\pgf\compatibility\pgfcomp-version-0-65.
sty"
Package: pgfcomp-version-0-65 2007/07/03 v3.0.1a (rcs-revision 1.7)
\pgf@nodesepstart=\dimen192
\pgf@nodesepend=\dimen193
)
("C:\Program Files\MiKTeX 2.9\tex\latex\pgf\compatibility\pgfcomp-version-1-18.
sty"
Package: pgfcomp-version-1-18 2007/07/23 v3.0.1a (rcs-revision 1.1)
)) ("C:\Program Files\MiKTeX 2.9\tex\latex\pgf\utilities\pgffor.sty"
("C:\Program Files\MiKTeX 2.9\tex\latex\pgf\math\pgfmath.sty"
("C:\Program Files\MiKTeX 2.9\tex\generic\pgf\math\pgfmath.code.tex"))
("C:\Program Files\MiKTeX 2.9\tex\generic\pgf\utilities\pgffor.code.tex"
Package: pgffor 2013/12/13 v3.0.1a (rcs-revision 1.25)

("C:\Program Files\MiKTeX 2.9\tex\generic\pgf\math\pgfmath.code.tex")
\pgffor@iter=\dimen194
\pgffor@skip=\dimen195
\pgffor@stack=\toks45
\pgffor@toks=\toks46
))
("C:\Program Files\MiKTeX 2.9\tex\generic\pgf\frontendlayer\tikz\tikz.code.tex"
Package: tikz 2015/08/07 v3.0.1a (rcs-revision 1.151)

("C:\Program Files\MiKTeX 2.9\tex\generic\pgf\libraries\pgflibraryplothandlers.
code.tex"
File: pgflibraryplothandlers.code.tex 2013/08/31 v3.0.1a (rcs-revision 1.20)
\pgf@plot@mark@count=\count158
\pgfplotmarksize=\dimen196
)
\tikz@lastx=\dimen197
\tikz@lasty=\dimen198
\tikz@lastxsaved=\dimen199
\tikz@lastysaved=\dimen256
\tikzleveldistance=\dimen257
\tikzsiblingdistance=\dimen258
\tikz@figbox=\box54
\tikz@figbox@bg=\box55
\tikz@tempbox=\box56
\tikz@tempbox@bg=\box57
\tikztreelevel=\count159
\tikznumberofchildren=\count160
\tikznumberofcurrentchild=\count161
\tikz@fig@count=\count162

("C:\Program Files\MiKTeX 2.9\tex\generic\pgf\modules\pgfmodulematrix.code.tex"
File: pgfmodulematrix.code.tex 2013/09/17  (rcs-revision 1.8)
\pgfmatrixcurrentrow=\count163
\pgfmatrixcurrentcolumn=\count164
\pgf@matrix@numberofcolumns=\count165
)
\tikz@expandcount=\count166

("C:\Program Files\MiKTeX 2.9\tex\generic\pgf\frontendlayer\tikz\libraries\tikz
librarytopaths.code.tex"
File: tikzlibrarytopaths.code.tex 2008/06/17 v3.0.1a (rcs-revision 1.2)
)))
\metropolis@titleseparator@linewidth=\skip60
\metropolis@progressonsectionpage=\skip61
\metropolis@progressonsectionpage@linewidth=\skip62
\metropolis@blocksep=\skip63
\metropolis@blockadjust=\skip64
\metropolis@parskip=\skip65
)
("C:\Program Files\MiKTeX 2.9\tex\latex\beamertheme-metropolis\beameroutertheme
metropolis.sty"
Package: beamerouterthememetropolis 2017/01/23 Metropolis outer theme
\metropolis@frametitle@padding=\skip66
\metropolis@progressinheadfoot=\skip67
\metropolis@progressinheadfoot@linewidth=\skip68
)
("C:\Program Files\MiKTeX 2.9\tex\latex\beamertheme-metropolis\beamercolortheme
metropolis.sty"
Package: beamercolorthememetropolis 2017/01/23 Metropolis color theme
)
("C:\Program Files\MiKTeX 2.9\tex\latex\beamertheme-metropolis\beamerfontthemem
etropolis.sty"
Package: beamerfontthememetropolis 2017/01/23 Metropolis font theme


Package beamerthememetropolis Warning: You need to compile with XeLaTeX or LuaL
aTeX to use the Fira fonts on input line 95.

)) ("C:\Program Files\MiKTeX 2.9\tex\latex\base\inputenc.sty"
Package: inputenc 2015/03/17 v1.2c Input encoding file
\inpenc@prehook=\toks47
\inpenc@posthook=\toks48

("C:\Program Files\MiKTeX 2.9\tex\latex\base\utf8.def"
File: utf8.def 2017/01/28 v1.1t UTF-8 support for inputenc
Now handling font encoding OML ...
... no UTF-8 mapping file for font encoding OML
Now handling font encoding T1 ...
... processing UTF-8 mapping file for font encoding T1

("C:\Program Files\MiKTeX 2.9\tex\latex\base\t1enc.dfu"
File: t1enc.dfu 2017/01/28 v1.1t UTF-8 support for inputenc
   defining Unicode char U+00A0 (decimal 160)
   defining Unicode char U+00A1 (decimal 161)
   defining Unicode char U+00A3 (decimal 163)
   defining Unicode char U+00AB (decimal 171)
   defining Unicode char U+00AD (decimal 173)
   defining Unicode char U+00BB (decimal 187)
   defining Unicode char U+00BF (decimal 191)
   defining Unicode char U+00C0 (decimal 192)
   defining Unicode char U+00C1 (decimal 193)
   defining Unicode char U+00C2 (decimal 194)
   defining Unicode char U+00C3 (decimal 195)
   defining Unicode char U+00C4 (decimal 196)
   defining Unicode char U+00C5 (decimal 197)
   defining Unicode char U+00C6 (decimal 198)
   defining Unicode char U+00C7 (decimal 199)
   defining Unicode char U+00C8 (decimal 200)
   defining Unicode char U+00C9 (decimal 201)
   defining Unicode char U+00CA (decimal 202)
   defining Unicode char U+00CB (decimal 203)
   defining Unicode char U+00CC (decimal 204)
   defining Unicode char U+00CD (decimal 205)
   defining Unicode char U+00CE (decimal 206)
   defining Unicode char U+00CF (decimal 207)
   defining Unicode char U+00D0 (decimal 208)
   defining Unicode char U+00D1 (decimal 209)
   defining Unicode char U+00D2 (decimal 210)
   defining Unicode char U+00D3 (decimal 211)
   defining Unicode char U+00D4 (decimal 212)
   defining Unicode char U+00D5 (decimal 213)
   defining Unicode char U+00D6 (decimal 214)
   defining Unicode char U+00D8 (decimal 216)
   defining Unicode char U+00D9 (decimal 217)
   defining Unicode char U+00DA (decimal 218)
   defining Unicode char U+00DB (decimal 219)
   defining Unicode char U+00DC (decimal 220)
   defining Unicode char U+00DD (decimal 221)
   defining Unicode char U+00DE (decimal 222)
   defining Unicode char U+00DF (decimal 223)
   defining Unicode char U+00E0 (decimal 224)
   defining Unicode char U+00E1 (decimal 225)
   defining Unicode char U+00E2 (decimal 226)
   defining Unicode char U+00E3 (decimal 227)
   defining Unicode char U+00E4 (decimal 228)
   defining Unicode char U+00E5 (decimal 229)
   defining Unicode char U+00E6 (decimal 230)
   defining Unicode char U+00E7 (decimal 231)
   defining Unicode char U+00E8 (decimal 232)
   defining Unicode char U+00E9 (decimal 233)
   defining Unicode char U+00EA (decimal 234)
   defining Unicode char U+00EB (decimal 235)
   defining Unicode char U+00EC (decimal 236)
   defining Unicode char U+00ED (decimal 237)
   defining Unicode char U+00EE (decimal 238)
   defining Unicode char U+00EF (decimal 239)
   defining Unicode char U+00F0 (decimal 240)
   defining Unicode char U+00F1 (decimal 241)
   defining Unicode char U+00F2 (decimal 242)
   defining Unicode char U+00F3 (decimal 243)
   defining Unicode char U+00F4 (decimal 244)
   defining Unicode char U+00F5 (decimal 245)
   defining Unicode char U+00F6 (decimal 246)
   defining Unicode char U+00F8 (decimal 248)
   defining Unicode char U+00F9 (decimal 249)
   defining Unicode char U+00FA (decimal 250)
   defining Unicode char U+00FB (decimal 251)
   defining Unicode char U+00FC (decimal 252)
   defining Unicode char U+00FD (decimal 253)
   defining Unicode char U+00FE (decimal 254)
   defining Unicode char U+00FF (decimal 255)
   defining Unicode char U+0100 (decimal 256)
   defining Unicode char U+0101 (decimal 257)
   defining Unicode char U+0102 (decimal 258)
   defining Unicode char U+0103 (decimal 259)
   defining Unicode char U+0104 (decimal 260)
   defining Unicode char U+0105 (decimal 261)
   defining Unicode char U+0106 (decimal 262)
   defining Unicode char U+0107 (decimal 263)
   defining Unicode char U+0108 (decimal 264)
   defining Unicode char U+0109 (decimal 265)
   defining Unicode char U+010A (decimal 266)
   defining Unicode char U+010B (decimal 267)
   defining Unicode char U+010C (decimal 268)
   defining Unicode char U+010D (decimal 269)
   defining Unicode char U+010E (decimal 270)
   defining Unicode char U+010F (decimal 271)
   defining Unicode char U+0110 (decimal 272)
   defining Unicode char U+0111 (decimal 273)
   defining Unicode char U+0112 (decimal 274)
   defining Unicode char U+0113 (decimal 275)
   defining Unicode char U+0114 (decimal 276)
   defining Unicode char U+0115 (decimal 277)
   defining Unicode char U+0116 (decimal 278)
   defining Unicode char U+0117 (decimal 279)
   defining Unicode char U+0118 (decimal 280)
   defining Unicode char U+0119 (decimal 281)
   defining Unicode char U+011A (decimal 282)
   defining Unicode char U+011B (decimal 283)
   defining Unicode char U+011C (decimal 284)
   defining Unicode char U+011D (decimal 285)
   defining Unicode char U+011E (decimal 286)
   defining Unicode char U+011F (decimal 287)
   defining Unicode char U+0120 (decimal 288)
   defining Unicode char U+0121 (decimal 289)
   defining Unicode char U+0122 (decimal 290)
   defining Unicode char U+0123 (decimal 291)
   defining Unicode char U+0124 (decimal 292)
   defining Unicode char U+0125 (decimal 293)
   defining Unicode char U+0128 (decimal 296)
   defining Unicode char U+0129 (decimal 297)
   defining Unicode char U+012A (decimal 298)
   defining Unicode char U+012B (decimal 299)
   defining Unicode char U+012C (decimal 300)
   defining Unicode char U+012D (decimal 301)
   defining Unicode char U+012E (decimal 302)
   defining Unicode char U+012F (decimal 303)
   defining Unicode char U+0130 (decimal 304)
   defining Unicode char U+0131 (decimal 305)
   defining Unicode char U+0132 (decimal 306)
   defining Unicode char U+0133 (decimal 307)
   defining Unicode char U+0134 (decimal 308)
   defining Unicode char U+0135 (decimal 309)
   defining Unicode char U+0136 (decimal 310)
   defining Unicode char U+0137 (decimal 311)
   defining Unicode char U+0139 (decimal 313)
   defining Unicode char U+013A (decimal 314)
   defining Unicode char U+013B (decimal 315)
   defining Unicode char U+013C (decimal 316)
   defining Unicode char U+013D (decimal 317)
   defining Unicode char U+013E (decimal 318)
   defining Unicode char U+0141 (decimal 321)
   defining Unicode char U+0142 (decimal 322)
   defining Unicode char U+0143 (decimal 323)
   defining Unicode char U+0144 (decimal 324)
   defining Unicode char U+0145 (decimal 325)
   defining Unicode char U+0146 (decimal 326)
   defining Unicode char U+0147 (decimal 327)
   defining Unicode char U+0148 (decimal 328)
   defining Unicode char U+014A (decimal 330)
   defining Unicode char U+014B (decimal 331)
   defining Unicode char U+014C (decimal 332)
   defining Unicode char U+014D (decimal 333)
   defining Unicode char U+014E (decimal 334)
   defining Unicode char U+014F (decimal 335)
   defining Unicode char U+0150 (decimal 336)
   defining Unicode char U+0151 (decimal 337)
   defining Unicode char U+0152 (decimal 338)
   defining Unicode char U+0153 (decimal 339)
   defining Unicode char U+0154 (decimal 340)
   defining Unicode char U+0155 (decimal 341)
   defining Unicode char U+0156 (decimal 342)
   defining Unicode char U+0157 (decimal 343)
   defining Unicode char U+0158 (decimal 344)
   defining Unicode char U+0159 (decimal 345)
   defining Unicode char U+015A (decimal 346)
   defining Unicode char U+015B (decimal 347)
   defining Unicode char U+015C (decimal 348)
   defining Unicode char U+015D (decimal 349)
   defining Unicode char U+015E (decimal 350)
   defining Unicode char U+015F (decimal 351)
   defining Unicode char U+0160 (decimal 352)
   defining Unicode char U+0161 (decimal 353)
   defining Unicode char U+0162 (decimal 354)
   defining Unicode char U+0163 (decimal 355)
   defining Unicode char U+0164 (decimal 356)
   defining Unicode char U+0165 (decimal 357)
   defining Unicode char U+0168 (decimal 360)
   defining Unicode char U+0169 (decimal 361)
   defining Unicode char U+016A (decimal 362)
   defining Unicode char U+016B (decimal 363)
   defining Unicode char U+016C (decimal 364)
   defining Unicode char U+016D (decimal 365)
   defining Unicode char U+016E (decimal 366)
   defining Unicode char U+016F (decimal 367)
   defining Unicode char U+0170 (decimal 368)
   defining Unicode char U+0171 (decimal 369)
   defining Unicode char U+0172 (decimal 370)
   defining Unicode char U+0173 (decimal 371)
   defining Unicode char U+0174 (decimal 372)
   defining Unicode char U+0175 (decimal 373)
   defining Unicode char U+0176 (decimal 374)
   defining Unicode char U+0177 (decimal 375)
   defining Unicode char U+0178 (decimal 376)
   defining Unicode char U+0179 (decimal 377)
   defining Unicode char U+017A (decimal 378)
   defining Unicode char U+017B (decimal 379)
   defining Unicode char U+017C (decimal 380)
   defining Unicode char U+017D (decimal 381)
   defining Unicode char U+017E (decimal 382)
   defining Unicode char U+01CD (decimal 461)
   defining Unicode char U+01CE (decimal 462)
   defining Unicode char U+01CF (decimal 463)
   defining Unicode char U+01D0 (decimal 464)
   defining Unicode char U+01D1 (decimal 465)
   defining Unicode char U+01D2 (decimal 466)
   defining Unicode char U+01D3 (decimal 467)
   defining Unicode char U+01D4 (decimal 468)
   defining Unicode char U+01E2 (decimal 482)
   defining Unicode char U+01E3 (decimal 483)
   defining Unicode char U+01E6 (decimal 486)
   defining Unicode char U+01E7 (decimal 487)
   defining Unicode char U+01E8 (decimal 488)
   defining Unicode char U+01E9 (decimal 489)
   defining Unicode char U+01EA (decimal 490)
   defining Unicode char U+01EB (decimal 491)
   defining Unicode char U+01F0 (decimal 496)
   defining Unicode char U+01F4 (decimal 500)
   defining Unicode char U+01F5 (decimal 501)
   defining Unicode char U+0218 (decimal 536)
   defining Unicode char U+0219 (decimal 537)
   defining Unicode char U+021A (decimal 538)
   defining Unicode char U+021B (decimal 539)
   defining Unicode char U+0232 (decimal 562)
   defining Unicode char U+0233 (decimal 563)
   defining Unicode char U+1E02 (decimal 7682)
   defining Unicode char U+1E03 (decimal 7683)
   defining Unicode char U+200C (decimal 8204)
   defining Unicode char U+2010 (decimal 8208)
   defining Unicode char U+2011 (decimal 8209)
   defining Unicode char U+2012 (decimal 8210)
   defining Unicode char U+2013 (decimal 8211)
   defining Unicode char U+2014 (decimal 8212)
   defining Unicode char U+2015 (decimal 8213)
   defining Unicode char U+2018 (decimal 8216)
   defining Unicode char U+2019 (decimal 8217)
   defining Unicode char U+201A (decimal 8218)
   defining Unicode char U+201C (decimal 8220)
   defining Unicode char U+201D (decimal 8221)
   defining Unicode char U+201E (decimal 8222)
   defining Unicode char U+2030 (decimal 8240)
   defining Unicode char U+2031 (decimal 8241)
   defining Unicode char U+2039 (decimal 8249)
   defining Unicode char U+203A (decimal 8250)
   defining Unicode char U+2423 (decimal 9251)
   defining Unicode char U+1E20 (decimal 7712)
   defining Unicode char U+1E21 (decimal 7713)
)
Now handling font encoding OT1 ...
... processing UTF-8 mapping file for font encoding OT1

("C:\Program Files\MiKTeX 2.9\tex\latex\base\ot1enc.dfu"
File: ot1enc.dfu 2017/01/28 v1.1t UTF-8 support for inputenc
   defining Unicode char U+00A0 (decimal 160)
   defining Unicode char U+00A1 (decimal 161)
   defining Unicode char U+00A3 (decimal 163)
   defining Unicode char U+00AD (decimal 173)
   defining Unicode char U+00B8 (decimal 184)
   defining Unicode char U+00BF (decimal 191)
   defining Unicode char U+00C5 (decimal 197)
   defining Unicode char U+00C6 (decimal 198)
   defining Unicode char U+00D8 (decimal 216)
   defining Unicode char U+00DF (decimal 223)
   defining Unicode char U+00E6 (decimal 230)
   defining Unicode char U+00EC (decimal 236)
   defining Unicode char U+00ED (decimal 237)
   defining Unicode char U+00EE (decimal 238)
   defining Unicode char U+00EF (decimal 239)
   defining Unicode char U+00F8 (decimal 248)
   defining Unicode char U+0131 (decimal 305)
   defining Unicode char U+0141 (decimal 321)
   defining Unicode char U+0142 (decimal 322)
   defining Unicode char U+0152 (decimal 338)
   defining Unicode char U+0153 (decimal 339)
   defining Unicode char U+0174 (decimal 372)
   defining Unicode char U+0175 (decimal 373)
   defining Unicode char U+0176 (decimal 374)
   defining Unicode char U+0177 (decimal 375)
   defining Unicode char U+0218 (decimal 536)
   defining Unicode char U+0219 (decimal 537)
   defining Unicode char U+021A (decimal 538)
   defining Unicode char U+021B (decimal 539)
   defining Unicode char U+2013 (decimal 8211)
   defining Unicode char U+2014 (decimal 8212)
   defining Unicode char U+2018 (decimal 8216)
   defining Unicode char U+2019 (decimal 8217)
   defining Unicode char U+201C (decimal 8220)
   defining Unicode char U+201D (decimal 8221)
)
Now handling font encoding OMS ...
... processing UTF-8 mapping file for font encoding OMS

("C:\Program Files\MiKTeX 2.9\tex\latex\base\omsenc.dfu"
File: omsenc.dfu 2017/01/28 v1.1t UTF-8 support for inputenc
   defining Unicode char U+00A7 (decimal 167)
   defining Unicode char U+00B6 (decimal 182)
   defining Unicode char U+00B7 (decimal 183)
   defining Unicode char U+2020 (decimal 8224)
   defining Unicode char U+2021 (decimal 8225)
   defining Unicode char U+2022 (decimal 8226)
)
Now handling font encoding OMX ...
... no UTF-8 mapping file for font encoding OMX
Now handling font encoding U ...
... no UTF-8 mapping file for font encoding U
Now handling font encoding PD1 ...
... no UTF-8 mapping file for font encoding PD1
   defining Unicode char U+00A9 (decimal 169)
   defining Unicode char U+00AA (decimal 170)
   defining Unicode char U+00AE (decimal 174)
   defining Unicode char U+00BA (decimal 186)
   defining Unicode char U+02C6 (decimal 710)
   defining Unicode char U+02DC (decimal 732)
   defining Unicode char U+200C (decimal 8204)
   defining Unicode char U+2026 (decimal 8230)
   defining Unicode char U+2122 (decimal 8482)
   defining Unicode char U+2423 (decimal 9251)
)){C:/ProgramData/MiKTeX/2.9/pdftex/config/pdftex.map}{C:/Program Files/MiKTeX 
2.9/fonts/map/dvips/sansmathaccent/sansmathaccent.map

pdfTeX warning: pdflatex.exe (file C:/Program Files/MiKTeX 2.9/fonts/map/dvips/
sansmathaccent/sansmathaccent.map): fontmap entry for `mathkerncmssi8' already 
exists, duplicates ignored


pdfTeX warning: pdflatex.exe (file C:/Program Files/MiKTeX 2.9/fonts/map/dvips/
sansmathaccent/sansmathaccent.map): fontmap entry for `mathkerncmssi9' already 
exists, duplicates ignored


pdfTeX warning: pdflatex.exe (file C:/Program Files/MiKTeX 2.9/fonts/map/dvips/
sansmathaccent/sansmathaccent.map): fontmap entry for `mathkerncmssi10' already
 exists, duplicates ignored


pdfTeX warning: pdflatex.exe (file C:/Program Files/MiKTeX 2.9/fonts/map/dvips/
sansmathaccent/sansmathaccent.map): fontmap entry for `mathkerncmssi12' already
 exists, duplicates ignored


pdfTeX warning: pdflatex.exe (file C:/Program Files/MiKTeX 2.9/fonts/map/dvips/
sansmathaccent/sansmathaccent.map): fontmap entry for `mathkerncmssi17' already
 exists, duplicates ignored
} ("C:\Program Files\MiKTeX 2.9\tex\latex\mathtools\mathtools.sty"
Package: mathtools 2017/05/24 v1.19 mathematical typesetting tools

("C:\Program Files\MiKTeX 2.9\tex\latex\mathtools\mhsetup.sty"
Package: mhsetup 2017/03/31 v1.3 programming setup (MH)
)
LaTeX Info: Thecontrolsequence`\('isalreadyrobust on input line 129.
LaTeX Info: Thecontrolsequence`\)'isalreadyrobust on input line 129.
LaTeX Info: Thecontrolsequence`\['isalreadyrobust on input line 129.
LaTeX Info: Thecontrolsequence`\]'isalreadyrobust on input line 129.
\g_MT_multlinerow_int=\count167
\l_MT_multwidth_dim=\dimen259
\origjot=\skip69
\l_MT_shortvdotswithinadjustabove_dim=\dimen260
\l_MT_shortvdotswithinadjustbelow_dim=\dimen261
\l_MT_above_intertext_sep=\dimen262
\l_MT_below_intertext_sep=\dimen263
\l_MT_above_shortintertext_sep=\dimen264
\l_MT_below_shortintertext_sep=\dimen265
)
(PresentazioneCD.aux)
\openout1 = `PresentazioneCD.aux'.

LaTeX Font Info:    Checking defaults for OML/cmm/m/it on input line 33.
LaTeX Font Info:    ... okay on input line 33.
LaTeX Font Info:    Checking defaults for T1/cmr/m/n on input line 33.
LaTeX Font Info:    ... okay on input line 33.
LaTeX Font Info:    Checking defaults for OT1/cmr/m/n on input line 33.
LaTeX Font Info:    ... okay on input line 33.
LaTeX Font Info:    Checking defaults for OMS/cmsy/m/n on input line 33.
LaTeX Font Info:    ... okay on input line 33.
LaTeX Font Info:    Checking defaults for OMX/cmex/m/n on input line 33.
LaTeX Font Info:    ... okay on input line 33.
LaTeX Font Info:    Checking defaults for U/cmr/m/n on input line 33.
LaTeX Font Info:    ... okay on input line 33.
LaTeX Font Info:    Checking defaults for PD1/pdf/m/n on input line 33.
LaTeX Font Info:    ... okay on input line 33.

*geometry* driver: auto-detecting
*geometry* detected driver: pdftex
*geometry* verbose mode - [ preamble ] result:
* driver: pdftex
* paper: custom
* layout: <same size as paper>
* layoutoffset:(h,v)=(0.0pt,0.0pt)
* modes: includehead includefoot 
* h-part:(L,W,R)=(28.45274pt, 307.28987pt, 28.45274pt)
* v-part:(T,H,B)=(0.0pt, 273.14662pt, 0.0pt)
* \paperwidth=364.19536pt
* \paperheight=273.14662pt
* \textwidth=307.28987pt
* \textheight=244.6939pt
* \oddsidemargin=-43.81725pt
* \evensidemargin=-43.81725pt
* \topmargin=-72.26999pt
* \headheight=14.22636pt
* \headsep=0.0pt
* \topskip=11.0pt
* \footskip=14.22636pt
* \marginparwidth=4.0pt
* \marginparsep=10.0pt
* \columnsep=10.0pt
* \skip\footins=10.0pt plus 4.0pt minus 2.0pt
* \hoffset=0.0pt
* \voffset=0.0pt
* \mag=1000
* \@twocolumnfalse
* \@twosidefalse
* \@mparswitchfalse
* \@reversemarginfalse
* (1in=72.27pt=25.4mm, 1cm=28.453pt)

("C:\Program Files\MiKTeX 2.9\tex\context\base\supp-pdf.mkii"
[Loading MPS to PDF converter (version 2006.09.02).]
\scratchcounter=\count168
\scratchdimen=\dimen266
\scratchbox=\box58
\nofMPsegments=\count169
\nofMParguments=\count170
\everyMPshowfont=\toks49
\MPscratchCnt=\count171
\MPscratchDim=\dimen267
\MPnumerator=\count172
\makeMPintoPDFobject=\count173
\everyMPtoPDFconversion=\toks50
) ("C:\Program Files\MiKTeX 2.9\tex\latex\oberdiek\epstopdf-base.sty"
Package: epstopdf-base 2016/05/15 v2.6 Base part for package epstopdf

("C:\Program Files\MiKTeX 2.9\tex\latex\oberdiek\grfext.sty"
Package: grfext 2016/05/16 v1.2 Manage graphics extensions (HO)
)
Package epstopdf-base Info: Redefining graphics rule for `.eps' on input line 4
38.
Package grfext Info: Graphics extension search list:
(grfext)             [.png,.pdf,.jpg,.mps,.jpeg,.jbig2,.jb2,.PNG,.PDF,.JPG,.JPE
G,.JBIG2,.JB2,.eps]
(grfext)             \AppendGraphicsExtensions on input line 456.
)
ABD: EveryShipout initializing macros
\AtBeginShipoutBox=\box59
Package hyperref Info: Link coloring OFF on input line 33.

("C:\Program Files\MiKTeX 2.9\tex\latex\hyperref\nameref.sty"
Package: nameref 2016/05/21 v2.44 Cross-referencing by name of section

("C:\Program Files\MiKTeX 2.9\tex\generic\oberdiek\gettitlestring.sty"
Package: gettitlestring 2016/05/16 v1.5 Cleanup title references (HO)
)
\c@section@level=\count174
)
LaTeX Info: Redefining \ref on input line 33.
LaTeX Info: Redefining \pageref on input line 33.
LaTeX Info: Redefining \nameref on input line 33.

(PresentazioneCD.out) (PresentazioneCD.out)
\@outlinefile=\write5
\openout5 = `PresentazioneCD.out'.

LaTeX Font Info:    Overwriting symbol font `operators' in version `normal'
(Font)                  OT1/cmr/m/n --> OT1/cmss/m/n on input line 33.
LaTeX Font Info:    Overwriting symbol font `operators' in version `bold'
(Font)                  OT1/cmr/bx/n --> OT1/cmss/bx/n on input line 33.
\symnumbers=\mathgroup6
\sympureletters=\mathgroup7
LaTeX Font Info:    Overwriting math alphabet `\mathrm' in version `normal'
(Font)                  OT1/cmss/m/n --> OT1/cmr/m/n on input line 33.
LaTeX Font Info:    Redeclaring math alphabet \mathbf on input line 33.
LaTeX Font Info:    Overwriting math alphabet `\mathbf' in version `normal'
(Font)                  OT1/cmr/bx/n --> OT1/cmss/bx/n on input line 33.
LaTeX Font Info:    Overwriting math alphabet `\mathbf' in version `bold'
(Font)                  OT1/cmr/bx/n --> OT1/cmss/bx/n on input line 33.
LaTeX Font Info:    Redeclaring math alphabet \mathsf on input line 33.
LaTeX Font Info:    Overwriting math alphabet `\mathsf' in version `normal'
(Font)                  OT1/cmss/m/n --> OT1/cmss/m/n on input line 33.
LaTeX Font Info:    Overwriting math alphabet `\mathsf' in version `bold'
(Font)                  OT1/cmss/bx/n --> OT1/cmss/m/n on input line 33.
LaTeX Font Info:    Redeclaring math alphabet \mathit on input line 33.
LaTeX Font Info:    Overwriting math alphabet `\mathit' in version `normal'
(Font)                  OT1/cmr/m/it --> OT1/cmss/m/it on input line 33.
LaTeX Font Info:    Overwriting math alphabet `\mathit' in version `bold'
(Font)                  OT1/cmr/bx/it --> OT1/cmss/m/it on input line 33.
LaTeX Font Info:    Redeclaring math alphabet \mathtt on input line 33.
LaTeX Font Info:    Overwriting math alphabet `\mathtt' in version `normal'
(Font)                  OT1/cmtt/m/n --> OT1/cmtt/m/n on input line 33.
LaTeX Font Info:    Overwriting math alphabet `\mathtt' in version `bold'
(Font)                  OT1/cmtt/m/n --> OT1/cmtt/m/n on input line 33.
LaTeX Font Info:    Overwriting symbol font `numbers' in version `bold'
(Font)                  OT1/cmss/m/n --> OT1/cmss/bx/n on input line 33.
LaTeX Font Info:    Overwriting symbol font `pureletters' in version `bold'
(Font)                  OT1/cmss/m/it --> OT1/cmss/bx/it on input line 33.
LaTeX Font Info:    Overwriting math alphabet `\mathrm' in version `bold'
(Font)                  OT1/cmss/bx/n --> OT1/cmr/bx/n on input line 33.
LaTeX Font Info:    Overwriting math alphabet `\mathbf' in version `bold'
(Font)                  OT1/cmss/bx/n --> OT1/cmss/bx/n on input line 33.
LaTeX Font Info:    Overwriting math alphabet `\mathsf' in version `bold'
(Font)                  OT1/cmss/m/n --> OT1/cmss/bx/n on input line 33.
LaTeX Font Info:    Overwriting math alphabet `\mathit' in version `bold'
(Font)                  OT1/cmss/m/it --> OT1/cmss/bx/it on input line 33.
LaTeX Font Info:    Overwriting math alphabet `\mathtt' in version `bold'
(Font)                  OT1/cmtt/m/n --> OT1/cmtt/bx/n on input line 33.
LaTeX Font Info:    Redeclaring symbol font `pureletters' on input line 33.
LaTeX Font Info:    Overwriting symbol font `pureletters' in version `normal'
(Font)                  OT1/cmss/m/it --> OT1/mathkerncmss/m/sl on input line 3
3.
LaTeX Font Info:    Overwriting symbol font `pureletters' in version `bold'
(Font)                  OT1/cmss/bx/it --> OT1/mathkerncmss/m/sl on input line 
33.
LaTeX Font Info:    Overwriting symbol font `pureletters' in version `bold'
(Font)                  OT1/mathkerncmss/m/sl --> OT1/mathkerncmss/bx/sl on inp
ut line 33.

("C:\Program Files\MiKTeX 2.9\tex\latex\translator\translator-basic-dictionary-
English.dict"
Dictionary: translator-basic-dictionary, Language: English 
)
("C:\Program Files\MiKTeX 2.9\tex\latex\translator\translator-bibliography-dict
ionary-English.dict"
Dictionary: translator-bibliography-dictionary, Language: English 
)
("C:\Program Files\MiKTeX 2.9\tex\latex\translator\translator-environment-dicti
onary-English.dict"
Dictionary: translator-environment-dictionary, Language: English 
)
("C:\Program Files\MiKTeX 2.9\tex\latex\translator\translator-months-dictionary
-English.dict"
Dictionary: translator-months-dictionary, Language: English 
)
("C:\Program Files\MiKTeX 2.9\tex\latex\translator\translator-numbers-dictionar
y-English.dict"
Dictionary: translator-numbers-dictionary, Language: English 
)
("C:\Program Files\MiKTeX 2.9\tex\latex\translator\translator-theorem-dictionar
y-English.dict"
Dictionary: translator-theorem-dictionary, Language: English 
) (PresentazioneCD.nav)
Overfull \vbox (44.55656pt too high) detected at line 36
 []

<Immagini/logoUnisa.png, id=52, 351.3125pt x 351.3125pt>
File: Immagini/logoUnisa.png Graphic file (type png)

<use Immagini/logoUnisa.png>
Package pdftex.def Info: Immagini/logoUnisa.png used on input line 36.
(pdftex.def)             Requested size: 17.56665pt x 17.56665pt.
 [1

 <./Immagini/logoUnisa.png>]
(PresentazioneCD.toc
Overfull \hbox (1.99994pt too wide) in paragraph at lines 4--4
[]\tencirc r 
 []

LaTeX Font Info:    Try loading font information for U+msa on input line 4.
("C:\Program Files\MiKTeX 2.9\tex\latex\amsfonts\umsa.fd"
File: umsa.fd 2013/01/14 v3.01 AMS symbols A
)
LaTeX Font Info:    Try loading font information for U+msb on input line 4.

("C:\Program Files\MiKTeX 2.9\tex\latex\amsfonts\umsb.fd"
File: umsb.fd 2013/01/14 v3.01 AMS symbols B
)
LaTeX Font Info:    Try loading font information for OT1+mathkerncmss on input 
line 4.

("C:\Program Files\MiKTeX 2.9\tex\latex\sansmathaccent\ot1mathkerncmss.fd"
File: ot1mathkerncmss.fd 2013/03/27 Fontinst v1.933 font definitions for OT1/ma
thkerncmss.
)
Overfull \hbox (1.99994pt too wide) in paragraph at lines 5--5
[]\tencirc r 
 []


Overfull \hbox (1.99994pt too wide) in paragraph at lines 7--7
[]\tencirc r 
 []


Overfull \hbox (1.99994pt too wide) in paragraph at lines 8--8
[]\tencirc r 
 []

)
File: Immagini/logoUnisa.png Graphic file (type png)
 <use Immagini/logoUnisa.png>
Package pdftex.def Info: Immagini/logoUnisa.png used on input line 40.
(pdftex.def)             Requested size: 17.56665pt x 17.56665pt.
 [2

] (PresentazioneCD.toc
Overfull \hbox (1.99994pt too wide) in paragraph at lines 4--4
[]\tencirc r 
 []


Overfull \hbox (1.99994pt too wide) in paragraph at lines 5--5
[]\tencirc r 
 []


Overfull \hbox (1.99994pt too wide) in paragraph at lines 7--7
[]\tencirc r 
 []


Overfull \hbox (1.99994pt too wide) in paragraph at lines 8--8
[]\tencirc r 
 []

)
File: Immagini/logoUnisa.png Graphic file (type png)
 <use Immagini/logoUnisa.png>
Package pdftex.def Info: Immagini/logoUnisa.png used on input line 41.
(pdftex.def)             Requested size: 17.56665pt x 17.56665pt.
 [3

]
LaTeX Font Info:    Try loading font information for OMS+cmss on input line 48.

LaTeX Font Info:    No file OMScmss.fd. on input line 48.


LaTeX Font Warning: Font shape `OMS/cmss/m/n' undefined
(Font)              using `OMS/cmsy/m/n' instead
(Font)              for symbol `textbullet' on input line 48.

File: Immagini/logoUnisa.png Graphic file (type png)
<use Immagini/logoUnisa.png>
Package pdftex.def Info: Immagini/logoUnisa.png used on input line 48.
(pdftex.def)             Requested size: 17.56665pt x 17.56665pt.
 [4

]
File: Immagini/logoUnisa.png Graphic file (type png)
 <use Immagini/logoUnisa.png>
Package pdftex.def Info: Immagini/logoUnisa.png used on input line 48.
(pdftex.def)             Requested size: 17.56665pt x 17.56665pt.
 [5

]
(PresentazioneCD.toc
Overfull \hbox (1.99994pt too wide) in paragraph at lines 4--4
[]\tencirc r 
 []


Overfull \hbox (1.99994pt too wide) in paragraph at lines 5--5
[]\tencirc r 
 []


Overfull \hbox (1.99994pt too wide) in paragraph at lines 7--7
[]\tencirc r 
 []


Overfull \hbox (1.99994pt too wide) in paragraph at lines 8--8
[]\tencirc r 
 []

)
File: Immagini/logoUnisa.png Graphic file (type png)
 <use Immagini/logoUnisa.png>
Package pdftex.def Info: Immagini/logoUnisa.png used on input line 49.
(pdftex.def)             Requested size: 17.56665pt x 17.56665pt.
 [6

]
File: Immagini/logoUnisa.png Graphic file (type png)
 <use Immagini/logoUnisa.png>
Package pdftex.def Info: Immagini/logoUnisa.png used on input line 61.
(pdftex.def)             Requested size: 17.56665pt x 17.56665pt.
 [7

]
File: Immagini/logoUnisa.png Graphic file (type png)

<use Immagini/logoUnisa.png>
Package pdftex.def Info: Immagini/logoUnisa.png used on input line 61.
(pdftex.def)             Requested size: 17.56665pt x 17.56665pt.
 [8

]
File: Immagini/logoUnisa.png Graphic file (type png)
 <use Immagini/logoUnisa.png>
Package pdftex.def Info: Immagini/logoUnisa.png used on input line 61.
(pdftex.def)             Requested size: 17.56665pt x 17.56665pt.
 [9

]
File: Immagini/logoUnisa.png Graphic file (type png)

<use Immagini/logoUnisa.png>
Package pdftex.def Info: Immagini/logoUnisa.png used on input line 61.
(pdftex.def)             Requested size: 17.56665pt x 17.56665pt.
 [10

]
Overfull \vbox (28.9821pt too high) detected at line 78
 []

File: Immagini/logoUnisa.png Graphic file (type png)
<use Immagini/logoUnisa.png>
Package pdftex.def Info: Immagini/logoUnisa.png used on input line 78.
(pdftex.def)             Requested size: 17.56665pt x 17.56665pt.
 [11

]
Overfull \vbox (28.9821pt too high) detected at line 78
 []

File: Immagini/logoUnisa.png Graphic file (type png)
<use Immagini/logoUnisa.png>
Package pdftex.def Info: Immagini/logoUnisa.png used on input line 78.
(pdftex.def)             Requested size: 17.56665pt x 17.56665pt.
 [12

]
Overfull \vbox (28.9821pt too high) detected at line 78
 []

File: Immagini/logoUnisa.png Graphic file (type png)
<use Immagini/logoUnisa.png>
Package pdftex.def Info: Immagini/logoUnisa.png used on input line 78.
(pdftex.def)             Requested size: 17.56665pt x 17.56665pt.
 [13

]
Overfull \vbox (28.9821pt too high) detected at line 78
 []

File: Immagini/logoUnisa.png Graphic file (type png)
<use Immagini/logoUnisa.png>
Package pdftex.def Info: Immagini/logoUnisa.png used on input line 78.
(pdftex.def)             Requested size: 17.56665pt x 17.56665pt.
 [14

]
Overfull \vbox (28.9821pt too high) detected at line 78
 []

File: Immagini/logoUnisa.png Graphic file (type png)
<use Immagini/logoUnisa.png>
Package pdftex.def Info: Immagini/logoUnisa.png used on input line 78.
(pdftex.def)             Requested size: 17.56665pt x 17.56665pt.
 [15

]
Overfull \vbox (28.9821pt too high) detected at line 78
 []

File: Immagini/logoUnisa.png Graphic file (type png)
<use Immagini/logoUnisa.png>
Package pdftex.def Info: Immagini/logoUnisa.png used on input line 78.
(pdftex.def)             Requested size: 17.56665pt x 17.56665pt.
 [16

]
Overfull \vbox (13.9505pt too high) detected at line 88
 []

File: Immagini/logoUnisa.png Graphic file (type png)
<use Immagini/logoUnisa.png>
Package pdftex.def Info: Immagini/logoUnisa.png used on input line 88.
(pdftex.def)             Requested size: 17.56665pt x 17.56665pt.
 [17

]
Overfull \vbox (13.9505pt too high) detected at line 88
 []

File: Immagini/logoUnisa.png Graphic file (type png)
<use Immagini/logoUnisa.png>
Package pdftex.def Info: Immagini/logoUnisa.png used on input line 88.
(pdftex.def)             Requested size: 17.56665pt x 17.56665pt.
 [18

] (PresentazioneCD.toc
Overfull \hbox (1.99994pt too wide) in paragraph at lines 4--4
[]\tencirc r 
 []


Overfull \hbox (1.99994pt too wide) in paragraph at lines 5--5
[]\tencirc r 
 []


Overfull \hbox (1.99994pt too wide) in paragraph at lines 7--7
[]\tencirc r 
 []


Overfull \hbox (1.99994pt too wide) in paragraph at lines 8--8
[]\tencirc r 
 []

)
File: Immagini/logoUnisa.png Graphic file (type png)
 <use Immagini/logoUnisa.png>
Package pdftex.def Info: Immagini/logoUnisa.png used on input line 93.
(pdftex.def)             Requested size: 17.56665pt x 17.56665pt.
 [19

]
File: Immagini/logoUnisa.png Graphic file (type png)
 <use Immagini/logoUnisa.png>
Package pdftex.def Info: Immagini/logoUnisa.png used on input line 106.
(pdftex.def)             Requested size: 17.56665pt x 17.56665pt.
 [20

]
File: Immagini/logoUnisa.png Graphic file (type png)

<use Immagini/logoUnisa.png>
Package pdftex.def Info: Immagini/logoUnisa.png used on input line 106.
(pdftex.def)             Requested size: 17.56665pt x 17.56665pt.
 [21

]
File: Immagini/logoUnisa.png Graphic file (type png)
 <use Immagini/logoUnisa.png>
Package pdftex.def Info: Immagini/logoUnisa.png used on input line 106.
(pdftex.def)             Requested size: 17.56665pt x 17.56665pt.
 [22

]
File: Immagini/logoUnisa.png Graphic file (type png)

<use Immagini/logoUnisa.png>
Package pdftex.def Info: Immagini/logoUnisa.png used on input line 106.
(pdftex.def)             Requested size: 17.56665pt x 17.56665pt.
 [23

]
File: Immagini/logoUnisa.png Graphic file (type png)
 <use Immagini/logoUnisa.png>
Package pdftex.def Info: Immagini/logoUnisa.png used on input line 106.
(pdftex.def)             Requested size: 17.56665pt x 17.56665pt.
 [24

]
File: Immagini/logoUnisa.png Graphic file (type png)

<use Immagini/logoUnisa.png>
Package pdftex.def Info: Immagini/logoUnisa.png used on input line 106.
(pdftex.def)             Requested size: 17.56665pt x 17.56665pt.
 [25

]
<Immagini/BWTExample.png, id=237, 675.12225pt x 402.90524pt>
File: Immagini/BWTExample.png Graphic file (type png)

<use Immagini/BWTExample.png>
Package pdftex.def Info: Immagini/BWTExample.png used on input line 115.
(pdftex.def)             Requested size: 303.8022pt x 181.30568pt.

Overfull \vbox (13.14413pt too high) detected at line 115
 []

File: Immagini/logoUnisa.png Graphic file (type png)
<use Immagini/logoUnisa.png>
Package pdftex.def Info: Immagini/logoUnisa.png used on input line 115.
(pdftex.def)             Requested size: 17.56665pt x 17.56665pt.
 [26

 <./Immagini/BWTExample.png>]
File: Immagini/logoUnisa.png Graphic file (type png)

<use Immagini/logoUnisa.png>
Package pdftex.def Info: Immagini/logoUnisa.png used on input line 123.
(pdftex.def)             Requested size: 17.56665pt x 17.56665pt.
 [27

]
File: Immagini/logoUnisa.png Graphic file (type png)
 <use Immagini/logoUnisa.png>
Package pdftex.def Info: Immagini/logoUnisa.png used on input line 123.
(pdftex.def)             Requested size: 17.56665pt x 17.56665pt.
 [28

]

LaTeX Font Warning: Font shape `OT1/cmss/bx/it' undefined
(Font)              using `OT1/cmss/bx/n' instead on input line 131.

File: Immagini/logoUnisa.png Graphic file (type png)
<use Immagini/logoUnisa.png>
Package pdftex.def Info: Immagini/logoUnisa.png used on input line 131.
(pdftex.def)             Requested size: 17.56665pt x 17.56665pt.
 [29

]
File: Immagini/logoUnisa.png Graphic file (type png)
 <use Immagini/logoUnisa.png>
Package pdftex.def Info: Immagini/logoUnisa.png used on input line 131.
(pdftex.def)             Requested size: 17.56665pt x 17.56665pt.
 [30

]
<Immagini/MTFExample.png, id=264, 347.49825pt x 251.13824pt>
File: Immagini/MTFExample.png Graphic file (type png)

<use Immagini/MTFExample.png>
Package pdftex.def Info: Immagini/MTFExample.png used on input line 144.
(pdftex.def)             Requested size: 173.74869pt x 125.56882pt.
File: Immagini/logoUnisa.png Graphic file (type png)
 <use Immagini/logoUnisa.png>
Package pdftex.def Info: Immagini/logoUnisa.png used on input line 144.
(pdftex.def)             Requested size: 17.56665pt x 17.56665pt.
 [31

 <./Immagini/MTFExample.png>]
File: Immagini/MTFExample.png Graphic file (type png)
 <use Immagini/MTFExample.png>
Package pdftex.def Info: Immagini/MTFExample.png used on input line 144.
(pdftex.def)             Requested size: 173.74869pt x 125.56882pt.
File: Immagini/logoUnisa.png Graphic file (type png)
 <use Immagini/logoUnisa.png>
Package pdftex.def Info: Immagini/logoUnisa.png used on input line 144.
(pdftex.def)             Requested size: 17.56665pt x 17.56665pt.

[32

]
File: Immagini/logoUnisa.png Graphic file (type png)
 <use Immagini/logoUnisa.png>
Package pdftex.def Info: Immagini/logoUnisa.png used on input line 152.
(pdftex.def)             Requested size: 17.56665pt x 17.56665pt.
 [33

]
File: Immagini/logoUnisa.png Graphic file (type png)
 <use Immagini/logoUnisa.png>
Package pdftex.def Info: Immagini/logoUnisa.png used on input line 152.
(pdftex.def)             Requested size: 17.56665pt x 17.56665pt.
 [34

]
File: Immagini/logoUnisa.png Graphic file (type png)

<use Immagini/logoUnisa.png>
Package pdftex.def Info: Immagini/logoUnisa.png used on input line 161.
(pdftex.def)             Requested size: 17.56665pt x 17.56665pt.
 [35

]
File: Immagini/logoUnisa.png Graphic file (type png)
 <use Immagini/logoUnisa.png>
Package pdftex.def Info: Immagini/logoUnisa.png used on input line 161.
(pdftex.def)             Requested size: 17.56665pt x 17.56665pt.
 [36

]
File: Immagini/logoUnisa.png Graphic file (type png)

<use Immagini/logoUnisa.png>
Package pdftex.def Info: Immagini/logoUnisa.png used on input line 174.
(pdftex.def)             Requested size: 17.56665pt x 17.56665pt.
 [37

]
File: Immagini/logoUnisa.png Graphic file (type png)
 <use Immagini/logoUnisa.png>
Package pdftex.def Info: Immagini/logoUnisa.png used on input line 174.
(pdftex.def)             Requested size: 17.56665pt x 17.56665pt.
 [38

]
File: Immagini/logoUnisa.png Graphic file (type png)

<use Immagini/logoUnisa.png>
Package pdftex.def Info: Immagini/logoUnisa.png used on input line 174.
(pdftex.def)             Requested size: 17.56665pt x 17.56665pt.
 [39

]
File: Immagini/logoUnisa.png Graphic file (type png)
 <use Immagini/logoUnisa.png>
Package pdftex.def Info: Immagini/logoUnisa.png used on input line 183.
(pdftex.def)             Requested size: 17.56665pt x 17.56665pt.
 [40

]
File: Immagini/logoUnisa.png Graphic file (type png)

<use Immagini/logoUnisa.png>
Package pdftex.def Info: Immagini/logoUnisa.png used on input line 183.
(pdftex.def)             Requested size: 17.56665pt x 17.56665pt.
 [41

]
<Immagini/BWTExample.PNG, id=326, 675.12225pt x 402.90524pt>
File: Immagini/BWTExample.PNG Graphic file (type png)

<use Immagini/BWTExample.PNG>
Package pdftex.def Info: Immagini/BWTExample.PNG used on input line 194.
(pdftex.def)             Requested size: 202.53824pt x 120.8725pt.

Overfull \vbox (28.03029pt too high) detected at line 194
 []

File: Immagini/logoUnisa.png Graphic file (type png)
<use Immagini/logoUnisa.png>
Package pdftex.def Info: Immagini/logoUnisa.png used on input line 194.
(pdftex.def)             Requested size: 17.56665pt x 17.56665pt.
 [42

 <./Immagini/BWTExample.PNG>]
File: Immagini/logoUnisa.png Graphic file (type png)

<use Immagini/logoUnisa.png>
Package pdftex.def Info: Immagini/logoUnisa.png used on input line 202.
(pdftex.def)             Requested size: 17.56665pt x 17.56665pt.
 [43

]
File: Immagini/logoUnisa.png Graphic file (type png)
 <use Immagini/logoUnisa.png>
Package pdftex.def Info: Immagini/logoUnisa.png used on input line 202.
(pdftex.def)             Requested size: 17.56665pt x 17.56665pt.
 [44

]
File: Immagini/logoUnisa.png Graphic file (type png)

<use Immagini/logoUnisa.png>
Package pdftex.def Info: Immagini/logoUnisa.png used on input line 209.
(pdftex.def)             Requested size: 17.56665pt x 17.56665pt.
 [45

] (PresentazioneCD.toc
Overfull \hbox (1.99994pt too wide) in paragraph at lines 4--4
[]\tencirc r 
 []


Overfull \hbox (1.99994pt too wide) in paragraph at lines 5--5
[]\tencirc r 
 []


Overfull \hbox (1.99994pt too wide) in paragraph at lines 7--7
[]\tencirc r 
 []


Overfull \hbox (1.99994pt too wide) in paragraph at lines 8--8
[]\tencirc r 
 []

)
File: Immagini/logoUnisa.png Graphic file (type png)
 <use Immagini/logoUnisa.png>
Package pdftex.def Info: Immagini/logoUnisa.png used on input line 211.
(pdftex.def)             Requested size: 17.56665pt x 17.56665pt.
 [46

]
File: Immagini/logoUnisa.png Graphic file (type png)
 <use Immagini/logoUnisa.png>
Package pdftex.def Info: Immagini/logoUnisa.png used on input line 219.
(pdftex.def)             Requested size: 17.56665pt x 17.56665pt.
 [47

]
File: Immagini/logoUnisa.png Graphic file (type png)

<use Immagini/logoUnisa.png>
Package pdftex.def Info: Immagini/logoUnisa.png used on input line 219.
(pdftex.def)             Requested size: 17.56665pt x 17.56665pt.
 [48

]
File: Immagini/logoUnisa.png Graphic file (type png)
 <use Immagini/logoUnisa.png>
Package pdftex.def Info: Immagini/logoUnisa.png used on input line 227.
(pdftex.def)             Requested size: 17.56665pt x 17.56665pt.
 [49

]
File: Immagini/logoUnisa.png Graphic file (type png)

<use Immagini/logoUnisa.png>
Package pdftex.def Info: Immagini/logoUnisa.png used on input line 227.
(pdftex.def)             Requested size: 17.56665pt x 17.56665pt.
 [50

]
Overfull \vbox (4.87743pt too high) detected at line 241
 []

File: Immagini/logoUnisa.png Graphic file (type png)
<use Immagini/logoUnisa.png>
Package pdftex.def Info: Immagini/logoUnisa.png used on input line 241.
(pdftex.def)             Requested size: 17.56665pt x 17.56665pt.
 [51

]
Overfull \vbox (4.87743pt too high) detected at line 241
 []

File: Immagini/logoUnisa.png Graphic file (type png)
<use Immagini/logoUnisa.png>
Package pdftex.def Info: Immagini/logoUnisa.png used on input line 241.
(pdftex.def)             Requested size: 17.56665pt x 17.56665pt.
 [52

]
Overfull \vbox (4.87743pt too high) detected at line 241
 []

File: Immagini/logoUnisa.png Graphic file (type png)
<use Immagini/logoUnisa.png>
Package pdftex.def Info: Immagini/logoUnisa.png used on input line 241.
(pdftex.def)             Requested size: 17.56665pt x 17.56665pt.
 [53

]
Overfull \vbox (4.87743pt too high) detected at line 241
 []

File: Immagini/logoUnisa.png Graphic file (type png)
<use Immagini/logoUnisa.png>
Package pdftex.def Info: Immagini/logoUnisa.png used on input line 241.
(pdftex.def)             Requested size: 17.56665pt x 17.56665pt.
 [54

]
Overfull \vbox (4.87743pt too high) detected at line 241
 []

File: Immagini/logoUnisa.png Graphic file (type png)
<use Immagini/logoUnisa.png>
Package pdftex.def Info: Immagini/logoUnisa.png used on input line 241.
(pdftex.def)             Requested size: 17.56665pt x 17.56665pt.
 [55

]
Overfull \vbox (4.87743pt too high) detected at line 241
 []

File: Immagini/logoUnisa.png Graphic file (type png)
<use Immagini/logoUnisa.png>
Package pdftex.def Info: Immagini/logoUnisa.png used on input line 241.
(pdftex.def)             Requested size: 17.56665pt x 17.56665pt.
 [56

]
File: Immagini/logoUnisa.png Graphic file (type png)
 <use Immagini/logoUnisa.png>
Package pdftex.def Info: Immagini/logoUnisa.png used on input line 250.
(pdftex.def)             Requested size: 17.56665pt x 17.56665pt.
 [57

]
File: Immagini/logoUnisa.png Graphic file (type png)

<use Immagini/logoUnisa.png>
Package pdftex.def Info: Immagini/logoUnisa.png used on input line 250.
(pdftex.def)             Requested size: 17.56665pt x 17.56665pt.
 [58

]
File: Immagini/logoUnisa.png Graphic file (type png)
 <use Immagini/logoUnisa.png>
Package pdftex.def Info: Immagini/logoUnisa.png used on input line 263.
(pdftex.def)             Requested size: 17.56665pt x 17.56665pt.
 [59

]
File: Immagini/logoUnisa.png Graphic file (type png)

<use Immagini/logoUnisa.png>
Package pdftex.def Info: Immagini/logoUnisa.png used on input line 263.
(pdftex.def)             Requested size: 17.56665pt x 17.56665pt.
 [60

]
File: Immagini/logoUnisa.png Graphic file (type png)
 <use Immagini/logoUnisa.png>
Package pdftex.def Info: Immagini/logoUnisa.png used on input line 263.
(pdftex.def)             Requested size: 17.56665pt x 17.56665pt.
 [61

]
File: Immagini/logoUnisa.png Graphic file (type png)

<use Immagini/logoUnisa.png>
Package pdftex.def Info: Immagini/logoUnisa.png used on input line 263.
(pdftex.def)             Requested size: 17.56665pt x 17.56665pt.
 [62

]
File: Immagini/logoUnisa.png Graphic file (type png)
 <use Immagini/logoUnisa.png>
Package pdftex.def Info: Immagini/logoUnisa.png used on input line 263.
(pdftex.def)             Requested size: 17.56665pt x 17.56665pt.
 [63

]
File: Immagini/logoUnisa.png Graphic file (type png)

<use Immagini/logoUnisa.png>
Package pdftex.def Info: Immagini/logoUnisa.png used on input line 274.
(pdftex.def)             Requested size: 17.56665pt x 17.56665pt.
 [64

]
File: Immagini/logoUnisa.png Graphic file (type png)
 <use Immagini/logoUnisa.png>
Package pdftex.def Info: Immagini/logoUnisa.png used on input line 274.
(pdftex.def)             Requested size: 17.56665pt x 17.56665pt.
 [65

]
File: Immagini/logoUnisa.png Graphic file (type png)

<use Immagini/logoUnisa.png>
Package pdftex.def Info: Immagini/logoUnisa.png used on input line 274.
(pdftex.def)             Requested size: 17.56665pt x 17.56665pt.
 [66

]
File: Immagini/logoUnisa.png Graphic file (type png)
 <use Immagini/logoUnisa.png>
Package pdftex.def Info: Immagini/logoUnisa.png used on input line 274.
(pdftex.def)             Requested size: 17.56665pt x 17.56665pt.
 [67

]
File: Immagini/logoUnisa.png Graphic file (type png)

<use Immagini/logoUnisa.png>
Package pdftex.def Info: Immagini/logoUnisa.png used on input line 274.
(pdftex.def)             Requested size: 17.56665pt x 17.56665pt.
 [68

]
File: Immagini/logoUnisa.png Graphic file (type png)
 <use Immagini/logoUnisa.png>
Package pdftex.def Info: Immagini/logoUnisa.png used on input line 281.
(pdftex.def)             Requested size: 17.56665pt x 17.56665pt.
 [69

]
File: Immagini/logoUnisa.png Graphic file (type png)

<use Immagini/logoUnisa.png>
Package pdftex.def Info: Immagini/logoUnisa.png used on input line 281.
(pdftex.def)             Requested size: 17.56665pt x 17.56665pt.
 [70

]
File: Immagini/logoUnisa.png Graphic file (type png)
 <use Immagini/logoUnisa.png>
Package pdftex.def Info: Immagini/logoUnisa.png used on input line 281.
(pdftex.def)             Requested size: 17.56665pt x 17.56665pt.
 [71

]
File: Immagini/logoUnisa.png Graphic file (type png)

<use Immagini/logoUnisa.png>
Package pdftex.def Info: Immagini/logoUnisa.png used on input line 295.
(pdftex.def)             Requested size: 17.56665pt x 17.56665pt.
 [72

]
File: Immagini/logoUnisa.png Graphic file (type png)
 <use Immagini/logoUnisa.png>
Package pdftex.def Info: Immagini/logoUnisa.png used on input line 295.
(pdftex.def)             Requested size: 17.56665pt x 17.56665pt.
 [73

]
File: Immagini/logoUnisa.png Graphic file (type png)

<use Immagini/logoUnisa.png>
Package pdftex.def Info: Immagini/logoUnisa.png used on input line 295.
(pdftex.def)             Requested size: 17.56665pt x 17.56665pt.
 [74

]
File: Immagini/logoUnisa.png Graphic file (type png)
 <use Immagini/logoUnisa.png>
Package pdftex.def Info: Immagini/logoUnisa.png used on input line 295.
(pdftex.def)             Requested size: 17.56665pt x 17.56665pt.
 [75

]
File: Immagini/logoUnisa.png Graphic file (type png)

<use Immagini/logoUnisa.png>
Package pdftex.def Info: Immagini/logoUnisa.png used on input line 295.
(pdftex.def)             Requested size: 17.56665pt x 17.56665pt.
 [76

] (PresentazioneCD.toc
Overfull \hbox (1.99994pt too wide) in paragraph at lines 4--4
[]\tencirc r 
 []


Overfull \hbox (1.99994pt too wide) in paragraph at lines 5--5
[]\tencirc r 
 []


Overfull \hbox (1.99994pt too wide) in paragraph at lines 7--7
[]\tencirc r 
 []


Overfull \hbox (1.99994pt too wide) in paragraph at lines 8--8
[]\tencirc r 
 []

)
File: Immagini/logoUnisa.png Graphic file (type png)
 <use Immagini/logoUnisa.png>
Package pdftex.def Info: Immagini/logoUnisa.png used on input line 297.
(pdftex.def)             Requested size: 17.56665pt x 17.56665pt.
 [77

]
File: Immagini/logoUnisa.png Graphic file (type png)
 <use Immagini/logoUnisa.png>
Package pdftex.def Info: Immagini/logoUnisa.png used on input line 313.
(pdftex.def)             Requested size: 17.56665pt x 17.56665pt.
 [78

]
File: Immagini/logoUnisa.png Graphic file (type png)

<use Immagini/logoUnisa.png>
Package pdftex.def Info: Immagini/logoUnisa.png used on input line 329.
(pdftex.def)             Requested size: 17.56665pt x 17.56665pt.
 [79

]
File: Immagini/logoUnisa.png Graphic file (type png)
 <use Immagini/logoUnisa.png>
Package pdftex.def Info: Immagini/logoUnisa.png used on input line 344.
(pdftex.def)             Requested size: 17.56665pt x 17.56665pt.
 [80

]
File: Immagini/logoUnisa.png Graphic file (type png)

<use Immagini/logoUnisa.png>
Package pdftex.def Info: Immagini/logoUnisa.png used on input line 358.
(pdftex.def)             Requested size: 17.56665pt x 17.56665pt.
 [81

]
File: Immagini/logoUnisa.png Graphic file (type png)
 <use Immagini/logoUnisa.png>
Package pdftex.def Info: Immagini/logoUnisa.png used on input line 367.
(pdftex.def)             Requested size: 17.56665pt x 17.56665pt.
 [82

]
File: Immagini/logoUnisa.png Graphic file (type png)

<use Immagini/logoUnisa.png>
Package pdftex.def Info: Immagini/logoUnisa.png used on input line 373.
(pdftex.def)             Requested size: 17.56665pt x 17.56665pt.
 [83

]
File: Immagini/logoUnisa.png Graphic file (type png)
 <use Immagini/logoUnisa.png>
Package pdftex.def Info: Immagini/logoUnisa.png used on input line 379.
(pdftex.def)             Requested size: 17.56665pt x 17.56665pt.
 [84

]
File: Immagini/logoUnisa.png Graphic file (type png)

<use Immagini/logoUnisa.png>
Package pdftex.def Info: Immagini/logoUnisa.png used on input line 392.
(pdftex.def)             Requested size: 17.56665pt x 17.56665pt.
 [85

]
File: Immagini/logoUnisa.png Graphic file (type png)
 <use Immagini/logoUnisa.png>
Package pdftex.def Info: Immagini/logoUnisa.png used on input line 397.
(pdftex.def)             Requested size: 17.56665pt x 17.56665pt.
 [86

]
(PresentazioneCD.toc
Overfull \hbox (1.99994pt too wide) in paragraph at lines 4--4
[]\tencirc r 
 []


Overfull \hbox (1.99994pt too wide) in paragraph at lines 5--5
[]\tencirc r 
 []


Overfull \hbox (1.99994pt too wide) in paragraph at lines 7--7
[]\tencirc r 
 []


Overfull \hbox (1.99994pt too wide) in paragraph at lines 8--8
[]\tencirc r 
 []

)
File: Immagini/logoUnisa.png Graphic file (type png)
 <use Immagini/logoUnisa.png>
Package pdftex.def Info: Immagini/logoUnisa.png used on input line 399.
(pdftex.def)             Requested size: 17.56665pt x 17.56665pt.
 [87

]
File: Immagini/logoUnisa.png Graphic file (type png)
 <use Immagini/logoUnisa.png>
Package pdftex.def Info: Immagini/logoUnisa.png used on input line 407.
(pdftex.def)             Requested size: 17.56665pt x 17.56665pt.
 [88

]
File: Immagini/logoUnisa.png Graphic file (type png)

<use Immagini/logoUnisa.png>
Package pdftex.def Info: Immagini/logoUnisa.png used on input line 407.
(pdftex.def)             Requested size: 17.56665pt x 17.56665pt.
 [89

]
File: Immagini/logoUnisa.png Graphic file (type png)
 <use Immagini/logoUnisa.png>
Package pdftex.def Info: Immagini/logoUnisa.png used on input line 407.
(pdftex.def)             Requested size: 17.56665pt x 17.56665pt.
 [90

]
File: Immagini/logoUnisa.png Graphic file (type png)

<use Immagini/logoUnisa.png>
Package pdftex.def Info: Immagini/logoUnisa.png used on input line 415.
(pdftex.def)             Requested size: 17.56665pt x 17.56665pt.
 [91

]
\tf@nav=\write6
\openout6 = `PresentazioneCD.nav'.

\tf@toc=\write7
\openout7 = `PresentazioneCD.toc'.

\tf@snm=\write8
\openout8 = `PresentazioneCD.snm'.

Package atveryend Info: Empty hook `BeforeClearDocument' on input line 416.
Package atveryend Info: Empty hook `AfterLastShipout' on input line 416.
 (PresentazioneCD.aux)
Package atveryend Info: Executing hook `AtVeryEndDocument' on input line 416.
Package atveryend Info: Executing hook `AtEndAfterFileList' on input line 416.
Package rerunfilecheck Info: File `PresentazioneCD.out' has not changed.
(rerunfilecheck)             Checksum: 0437EB97EE8EF1189311480CCD1AC72F;576.


LaTeX Font Warning: Some font shapes were not available, defaults substituted.

 ) 
Here is how much of TeX's memory you used:
 21423 strings out of 493323
 420937 string characters out of 3139067
 486373 words of memory out of 3000000
 24274 multiletter control sequences out of 15000+200000
 16379 words of font info for 59 fonts, out of 3000000 for 9000
 1141 hyphenation exceptions out of 8191
 71i,15n,88p,1820b,547s stack positions out of 5000i,500n,10000p,200000b,50000s
<C:/Program Files/MiKTeX 2.9/fonts/type1/public/amsfonts/cm/cmmi10.pfb><C:/Pr
ogram Files/MiKTeX 2.9/fonts/type1/public/amsfonts/cm/cmmi8.pfb><C:/Program Fil
es/MiKTeX 2.9/fonts/type1/public/amsfonts/cm/cmss10.pfb><C:/Program Files/MiKTe
X 2.9/fonts/type1/public/amsfonts/cm/cmss12.pfb><C:/Program Files/MiKTeX 2.9/fo
nts/type1/public/amsfonts/cm/cmss8.pfb><C:/Program Files/MiKTeX 2.9/fonts/type1
/public/amsfonts/cm/cmssbx10.pfb><C:/Program Files/MiKTeX 2.9/fonts/type1/publi
c/amsfonts/cm/cmssi10.pfb><C:/Program Files/MiKTeX 2.9/fonts/type1/public/amsfo
nts/cm/cmssi8.pfb><C:/Program Files/MiKTeX 2.9/fonts/type1/public/amsfonts/cm/c
msy10.pfb><C:/Program Files/MiKTeX 2.9/fonts/type1/public/amsfonts/cm/cmsy7.pfb
><C:/Program Files/MiKTeX 2.9/fonts/type1/public/amsfonts/cm/cmsy8.pfb><C:/Prog
ram Files/MiKTeX 2.9/fonts/type1/public/amsfonts/latxfont/lcircle1.pfb>
Output written on PresentazioneCD.pdf (91 pages, 542752 bytes).
PDF statistics:
 699 PDF objects out of 1000 (max. 8388607)
 193 named destinations out of 1000 (max. 500000)
 143 words of extra memory for PDF output out of 10000 (max. 10000000)

